#
# There is insufficient memory for the Java Runtime Environment to continue.
# Native memory allocation (malloc) failed to allocate 1251376 bytes. Error detail: Chunk::new
# Possible reasons:
#   The system is out of physical RAM or swap space
#   This process is running with CompressedOops enabled, and the Java Heap may be blocking the growth of the native heap
# Possible solutions:
#   Reduce memory load on the system
#   Increase physical memory or swap space
#   Check if swap backing store is full
#   Decrease Java heap size (-Xmx/-Xms)
#   Decrease number of Java threads
#   Decrease Java thread stack sizes (-Xss)
#   Set larger code cache with -XX:ReservedCodeCacheSize=
#   JVM is running with Unscaled Compressed Oops mode in which the Java heap is
#     placed in the first 4GB address space. The Java Heap base address is the
#     maximum limit for the native heap growth. Please use -XX:HeapBaseMinAddress
#     to set the Java Heap base and to place the Java Heap above 4GB virtual address.
# This output file may be truncated or incomplete.
#
#  Out of Memory Error (arena.cpp:168), pid=7140, tid=5984
#
# JRE version: OpenJDK Runtime Environment Temurin-21.0.4+7 (21.0.4+7) (build 21.0.4+7-LTS)
# Java VM: OpenJDK 64-Bit Server VM Temurin-21.0.4+7 (21.0.4+7-LTS, mixed mode, sharing, tiered, compressed oops, compressed class ptrs, g1 gc, windows-amd64)
# No core dump will be written. Minidumps are not enabled by default on client versions of Windows
#

---------------  S U M M A R Y ------------

Command Line: -javaagent:C:\Program Files\JetBrains\IntelliJ IDEA Community Edition 2024.2.3\lib\idea_rt.jar=59489 -Dfile.encoding=UTF-8 -Dsun.stdout.encoding=UTF-8 -Dsun.stderr.encoding=UTF-8 personal.project.teamwork_management.TeamworkManagementApplication

Host: 11th Gen Intel(R) Core(TM) i3-1115G4 @ 3.00GHz, 4 cores, 7G,  Windows 11 , 64 bit Build 26100 (10.0.26100.4484)
Time: Thu Aug  7 14:53:31 2025 SE Asia Standard Time elapsed time: 4892.296937 seconds (0d 1h 21m 32s)

---------------  T H R E A D  ---------------

Current thread (0x000002a77c7b18a0):  JavaThread "C2 CompilerThread1" daemon [_thread_in_native, id=5984, stack(0x000000d69a200000,0x000000d69a300000) (1024K)]


Current CompileTask:
C2:4892297 32031       4       org.springframework.core.annotation.AnnotationTypeMapping::<init> (191 bytes)

Stack: [0x000000d69a200000,0x000000d69a300000]
Native frames: (J=compiled Java code, j=interpreted, Vv=VM code, C=native code)
V  [jvm.dll+0x6cbcf9]
V  [jvm.dll+0x8a5551]
V  [jvm.dll+0x8a7a7e]
V  [jvm.dll+0x8a8153]
V  [jvm.dll+0x27eca6]
V  [jvm.dll+0xc4aad]
V  [jvm.dll+0xc4fe3]
V  [jvm.dll+0x3b5102]
V  [jvm.dll+0x3815a5]
V  [jvm.dll+0x380a0a]
V  [jvm.dll+0x247110]
V  [jvm.dll+0x2466ef]
V  [jvm.dll+0x1c6f7e]
V  [jvm.dll+0x255e7a]
V  [jvm.dll+0x25441a]
V  [jvm.dll+0x3eeef6]
V  [jvm.dll+0x84f17b]
V  [jvm.dll+0x6ca3fd]
C  [ucrtbase.dll+0x37b0]
C  [KERNEL32.DLL+0x2e8d7]
C  [ntdll.dll+0x3c34c]


---------------  P R O C E S S  ---------------

Threads class SMR info:
_java_thread_list=0x000002a77d184130, length=23, elements={
0x000002a774c59c70, 0x000002a774c5b4e0, 0x000002a774c5cd50, 0x000002a774c5d8a0,
0x000002a774c5e3f0, 0x000002a774c5ef40, 0x000002a774c62d00, 0x000002a774c963d0,
0x000002a774c26000, 0x000002a77929dee0, 0x000002a77929e550, 0x000002a77c8df870,
0x000002a77e678e60, 0x000002a77d97a730, 0x000002a77d976c20, 0x000002a77d976590,
0x000002a77d978660, 0x000002a77d9772b0, 0x000002a779bc4d90, 0x000002a779bc4070,
0x000002a77d84dab0, 0x000002a77d84c070, 0x000002a77c7b18a0
}

Java Threads: ( => current thread )
  0x000002a774c59c70 JavaThread "Reference Handler"          daemon [_thread_blocked, id=7792, stack(0x000000d69ac00000,0x000000d69ad00000) (1024K)]
  0x000002a774c5b4e0 JavaThread "Finalizer"                  daemon [_thread_blocked, id=10376, stack(0x000000d69ad00000,0x000000d69ae00000) (1024K)]
  0x000002a774c5cd50 JavaThread "Signal Dispatcher"          daemon [_thread_blocked, id=13732, stack(0x000000d69ae00000,0x000000d69af00000) (1024K)]
  0x000002a774c5d8a0 JavaThread "Attach Listener"            daemon [_thread_blocked, id=4764, stack(0x000000d69af00000,0x000000d69b000000) (1024K)]
  0x000002a774c5e3f0 JavaThread "Service Thread"             daemon [_thread_blocked, id=5840, stack(0x000000d69b000000,0x000000d69b100000) (1024K)]
  0x000002a774c5ef40 JavaThread "Monitor Deflation Thread"   daemon [_thread_blocked, id=11732, stack(0x000000d69b100000,0x000000d69b200000) (1024K)]
  0x000002a774c62d00 JavaThread "C2 CompilerThread0"         daemon [_thread_in_native, id=6836, stack(0x000000d69b200000,0x000000d69b300000) (1024K)]
  0x000002a774c963d0 JavaThread "C1 CompilerThread0"         daemon [_thread_blocked, id=12952, stack(0x000000d69b300000,0x000000d69b400000) (1024K)]
  0x000002a774c26000 JavaThread "Common-Cleaner"             daemon [_thread_blocked, id=11916, stack(0x000000d69b400000,0x000000d69b500000) (1024K)]
  0x000002a77929dee0 JavaThread "Monitor Ctrl-Break"         daemon [_thread_in_native, id=3360, stack(0x000000d69b600000,0x000000d69b700000) (1024K)]
  0x000002a77929e550 JavaThread "Notification Thread"        daemon [_thread_blocked, id=13404, stack(0x000000d69b700000,0x000000d69b800000) (1024K)]
  0x000002a77c8df870 JavaThread "mysql-cj-abandoned-connection-cleanup" daemon [_thread_blocked, id=12836, stack(0x000000d69bd00000,0x000000d69be00000) (1024K)]
  0x000002a77e678e60 JavaThread "Live Reload Server"         daemon [_thread_in_native, id=9784, stack(0x000000d69c400000,0x000000d69c500000) (1024K)]
  0x000002a77d97a730 JavaThread "DestroyJavaVM"                     [_thread_blocked, id=2976, stack(0x000000d69a400000,0x000000d69a500000) (1024K)]
  0x000002a77d976c20 JavaThread "File Watcher"               daemon [_thread_blocked, id=9804, stack(0x000000d69a300000,0x000000d69a400000) (1024K)]
  0x000002a77d976590 JavaThread "File Watcher"               daemon [_thread_blocked, id=8732, stack(0x000000d69b500000,0x000000d69b600000) (1024K)]
  0x000002a77d978660 JavaThread "File Watcher"               daemon [_thread_blocked, id=3524, stack(0x000000d69bb00000,0x000000d69bc00000) (1024K)]
  0x000002a77d9772b0 JavaThread "File Watcher"               daemon [_thread_blocked, id=11136, stack(0x000000d69bc00000,0x000000d69bd00000) (1024K)]
  0x000002a779bc4d90 JavaThread "File Watcher"               daemon [_thread_blocked, id=14184, stack(0x000000d69a100000,0x000000d69a200000) (1024K)]
  0x000002a779bc4070 JavaThread "File Watcher"               daemon [_thread_blocked, id=14632, stack(0x000000d69bf00000,0x000000d69c000000) (1024K)]
  0x000002a77d84dab0 JavaThread "Thread-77"                         [_thread_blocked, id=10160, stack(0x000000d69c000000,0x000000d69c100000) (1024K)]
  0x000002a77d84c070 JavaThread "restartedMain"                     [_thread_in_Java, id=14440, stack(0x000000d69be00000,0x000000d69bf00000) (1024K)]
=>0x000002a77c7b18a0 JavaThread "C2 CompilerThread1"         daemon [_thread_in_native, id=5984, stack(0x000000d69a200000,0x000000d69a300000) (1024K)]
Total: 23

Other Threads:
  0x000002a774c3bbd0 VMThread "VM Thread"                           [id=6424, stack(0x000000d69ab00000,0x000000d69ac00000) (1024K)]
  0x000002a774c22770 WatcherThread "VM Periodic Task Thread"        [id=9748, stack(0x000000d69aa00000,0x000000d69ab00000) (1024K)]
  0x000002a758a50e80 WorkerThread "GC Thread#0"                     [id=10748, stack(0x000000d69a500000,0x000000d69a600000) (1024K)]
  0x000002a77986dcf0 WorkerThread "GC Thread#1"                     [id=16320, stack(0x000000d69b800000,0x000000d69b900000) (1024K)]
  0x000002a77992c320 WorkerThread "GC Thread#2"                     [id=15748, stack(0x000000d69b900000,0x000000d69ba00000) (1024K)]
  0x000002a7799fb3e0 WorkerThread "GC Thread#3"                     [id=8428, stack(0x000000d69ba00000,0x000000d69bb00000) (1024K)]
  0x000002a758a61620 ConcurrentGCThread "G1 Main Marker"            [id=5920, stack(0x000000d69a600000,0x000000d69a700000) (1024K)]
  0x000002a758a62fa0 WorkerThread "G1 Conc#0"                       [id=6456, stack(0x000000d69a700000,0x000000d69a800000) (1024K)]
  0x000002a774aed140 ConcurrentGCThread "G1 Refine#0"               [id=13512, stack(0x000000d69a800000,0x000000d69a900000) (1024K)]
  0x000002a774aee7e0 ConcurrentGCThread "G1 Service"                [id=3052, stack(0x000000d69a900000,0x000000d69aa00000) (1024K)]
Total: 10

Threads with active compile tasks:
C2 CompilerThread0  4892492 32030   !   4       org.springframework.core.annotation.AnnotationTypeMappings::addIfPossible (68 bytes)
C2 CompilerThread1  4892492 32031       4       org.springframework.core.annotation.AnnotationTypeMapping::<init> (191 bytes)
Total: 2

VM state: not at safepoint (normal execution)

VM Mutex/Monitor currently owned by a thread: None

Heap address: 0x0000000084200000, size: 1982 MB, Compressed Oops mode: 32-bit

CDS archive(s) mapped at: [0x000002a700000000-0x000002a700c90000-0x000002a700c90000), size 13172736, SharedBaseAddress: 0x000002a700000000, ArchiveRelocationMode: 1.
Compressed class space mapped at: 0x000002a701000000-0x000002a741000000, reserved size: 1073741824
Narrow klass base: 0x000002a700000000, Narrow klass shift: 0, Narrow klass range: 0x100000000

GC Precious Log:
 CardTable entry size: 512
 Card Set container configuration: InlinePtr #cards 5 size 8 Array Of Cards #cards 12 size 40 Howl #buckets 4 coarsen threshold 1843 Howl Bitmap #cards 512 size 80 coarsen threshold 460 Card regions per heap region 1 cards per card region 2048
 CPUs: 4 total, 4 available
 Memory: 7926M
 Large Page Support: Disabled
 NUMA Support: Disabled
 Compressed Oops: Enabled (32-bit)
 Heap Region Size: 1M
 Heap Min Capacity: 8M
 Heap Initial Capacity: 124M
 Heap Max Capacity: 1982M
 Pre-touch: Disabled
 Parallel Workers: 4
 Concurrent Workers: 1
 Concurrent Refinement Workers: 4
 Periodic GC: Disabled

Heap:
 garbage-first heap   total 156672K, used 96006K [0x0000000084200000, 0x0000000100000000)
  region size 1024K, 47 young (48128K), 0 survivors (0K)
 Metaspace       used 118551K, committed 119936K, reserved 1179648K
  class space    used 13999K, committed 14656K, reserved 1048576K

Heap Regions: E=young(eden), S=young(survivor), O=old, HS=humongous(starts), HC=humongous(continues), CS=collection set, F=free, TAMS=top-at-mark-start, PB=parsable bottom
|   0|0x0000000084200000, 0x0000000084300000, 0x0000000084300000|100%|HS|  |TAMS 0x0000000084200000| PB 0x0000000084200000| Untracked 
|   1|0x0000000084300000, 0x0000000084400000, 0x0000000084400000|100%|HS|  |TAMS 0x0000000084300000| PB 0x0000000084300000| Untracked 
|   2|0x0000000084400000, 0x0000000084500000, 0x0000000084500000|100%| O|  |TAMS 0x0000000084400000| PB 0x0000000084400000| Untracked 
|   3|0x0000000084500000, 0x0000000084600000, 0x0000000084600000|100%| O|  |TAMS 0x0000000084500000| PB 0x0000000084500000| Untracked 
|   4|0x0000000084600000, 0x0000000084700000, 0x0000000084700000|100%| O|  |TAMS 0x0000000084600000| PB 0x0000000084600000| Untracked 
|   5|0x0000000084700000, 0x00000000847fffb8, 0x0000000084800000| 99%| O|  |TAMS 0x0000000084700000| PB 0x0000000084700000| Untracked 
|   6|0x0000000084800000, 0x00000000848fffc8, 0x0000000084900000| 99%| O|  |TAMS 0x0000000084800000| PB 0x0000000084800000| Untracked 
|   7|0x0000000084900000, 0x00000000849fffe8, 0x0000000084a00000| 99%| O|  |TAMS 0x0000000084900000| PB 0x0000000084900000| Untracked 
|   8|0x0000000084a00000, 0x0000000084afffe8, 0x0000000084b00000| 99%| O|  |TAMS 0x0000000084a00000| PB 0x0000000084a00000| Untracked 
|   9|0x0000000084b00000, 0x0000000084bffff0, 0x0000000084c00000| 99%| O|  |TAMS 0x0000000084b00000| PB 0x0000000084b00000| Untracked 
|  10|0x0000000084c00000, 0x0000000084d00000, 0x0000000084d00000|100%| O|  |TAMS 0x0000000084c00000| PB 0x0000000084c00000| Untracked 
|  11|0x0000000084d00000, 0x0000000084dffff0, 0x0000000084e00000| 99%| O|  |TAMS 0x0000000084d00000| PB 0x0000000084d00000| Untracked 
|  12|0x0000000084e00000, 0x0000000084efffe8, 0x0000000084f00000| 99%| O|  |TAMS 0x0000000084e00000| PB 0x0000000084e00000| Untracked 
|  13|0x0000000084f00000, 0x0000000084fffff0, 0x0000000085000000| 99%| O|  |TAMS 0x0000000084f00000| PB 0x0000000084f00000| Untracked 
|  14|0x0000000085000000, 0x00000000850fffe8, 0x0000000085100000| 99%| O|  |TAMS 0x0000000085000000| PB 0x0000000085000000| Untracked 
|  15|0x0000000085100000, 0x00000000851ff9d0, 0x0000000085200000| 99%| O|  |TAMS 0x0000000085100000| PB 0x0000000085100000| Untracked 
|  16|0x0000000085200000, 0x00000000852ffff8, 0x0000000085300000| 99%| O|  |TAMS 0x0000000085200000| PB 0x0000000085200000| Untracked 
|  17|0x0000000085300000, 0x0000000085400000, 0x0000000085400000|100%| O|  |TAMS 0x0000000085300000| PB 0x0000000085300000| Untracked 
|  18|0x0000000085400000, 0x00000000854ffff8, 0x0000000085500000| 99%| O|  |TAMS 0x0000000085400000| PB 0x0000000085400000| Untracked 
|  19|0x0000000085500000, 0x00000000855fffe0, 0x0000000085600000| 99%| O|  |TAMS 0x0000000085500000| PB 0x0000000085500000| Untracked 
|  20|0x0000000085600000, 0x00000000856fffb8, 0x0000000085700000| 99%| O|  |TAMS 0x0000000085600000| PB 0x0000000085600000| Untracked 
|  21|0x0000000085700000, 0x0000000085800000, 0x0000000085800000|100%| O|  |TAMS 0x0000000085700000| PB 0x0000000085700000| Untracked 
|  22|0x0000000085800000, 0x00000000858fffe8, 0x0000000085900000| 99%| O|  |TAMS 0x0000000085800000| PB 0x0000000085800000| Untracked 
|  23|0x0000000085900000, 0x00000000859ffff0, 0x0000000085a00000| 99%| O|  |TAMS 0x0000000085900000| PB 0x0000000085900000| Untracked 
|  24|0x0000000085a00000, 0x0000000085b00000, 0x0000000085b00000|100%| O|  |TAMS 0x0000000085a00000| PB 0x0000000085a00000| Untracked 
|  25|0x0000000085b00000, 0x0000000085bfffa8, 0x0000000085c00000| 99%| O|  |TAMS 0x0000000085b00000| PB 0x0000000085b00000| Untracked 
|  26|0x0000000085c00000, 0x0000000085cffff0, 0x0000000085d00000| 99%| O|  |TAMS 0x0000000085c00000| PB 0x0000000085c00000| Untracked 
|  27|0x0000000085d00000, 0x0000000085dfffc8, 0x0000000085e00000| 99%| O|  |TAMS 0x0000000085d00000| PB 0x0000000085d00000| Untracked 
|  28|0x0000000085e00000, 0x0000000085efffe8, 0x0000000085f00000| 99%| O|  |TAMS 0x0000000085e00000| PB 0x0000000085e00000| Untracked 
|  29|0x0000000085f00000, 0x0000000085fffff8, 0x0000000086000000| 99%| O|  |TAMS 0x0000000085f00000| PB 0x0000000085f00000| Untracked 
|  30|0x0000000086000000, 0x00000000860ffff8, 0x0000000086100000| 99%| O|  |TAMS 0x0000000086000000| PB 0x0000000086000000| Untracked 
|  31|0x0000000086100000, 0x00000000861ffff0, 0x0000000086200000| 99%| O|  |TAMS 0x0000000086100000| PB 0x0000000086100000| Untracked 
|  32|0x0000000086200000, 0x0000000086300000, 0x0000000086300000|100%| O|  |TAMS 0x0000000086200000| PB 0x0000000086200000| Untracked 
|  33|0x0000000086300000, 0x00000000863fffd8, 0x0000000086400000| 99%| O|  |TAMS 0x0000000086300000| PB 0x0000000086300000| Untracked 
|  34|0x0000000086400000, 0x00000000864fffc8, 0x0000000086500000| 99%| O|  |TAMS 0x0000000086400000| PB 0x0000000086400000| Untracked 
|  35|0x0000000086500000, 0x00000000865fffc8, 0x0000000086600000| 99%| O|  |TAMS 0x0000000086500000| PB 0x0000000086500000| Untracked 
|  36|0x0000000086600000, 0x00000000866ffff8, 0x0000000086700000| 99%| O|  |TAMS 0x0000000086600000| PB 0x0000000086600000| Untracked 
|  37|0x0000000086700000, 0x0000000086800000, 0x0000000086800000|100%| O|  |TAMS 0x0000000086700000| PB 0x0000000086700000| Untracked 
|  38|0x0000000086800000, 0x0000000086900000, 0x0000000086900000|100%| O|  |TAMS 0x0000000086800000| PB 0x0000000086800000| Untracked 
|  39|0x0000000086900000, 0x00000000869fffe8, 0x0000000086a00000| 99%| O|  |TAMS 0x0000000086900000| PB 0x0000000086900000| Untracked 
|  40|0x0000000086a00000, 0x0000000086b00000, 0x0000000086b00000|100%| O|  |TAMS 0x0000000086a00000| PB 0x0000000086a00000| Untracked 
|  41|0x0000000086b00000, 0x0000000086bffff8, 0x0000000086c00000| 99%| O|  |TAMS 0x0000000086b00000| PB 0x0000000086b00000| Untracked 
|  42|0x0000000086c00000, 0x0000000086cffff8, 0x0000000086d00000| 99%| O|  |TAMS 0x0000000086c00000| PB 0x0000000086c00000| Untracked 
|  43|0x0000000086d00000, 0x0000000086dffff0, 0x0000000086e00000| 99%| O|  |TAMS 0x0000000086d00000| PB 0x0000000086d00000| Untracked 
|  44|0x0000000086e00000, 0x0000000086efffe8, 0x0000000086f00000| 99%| O|  |TAMS 0x0000000086e00000| PB 0x0000000086e00000| Untracked 
|  45|0x0000000086f00000, 0x0000000087000000, 0x0000000087000000|100%| O|  |TAMS 0x0000000086f00000| PB 0x0000000086f00000| Untracked 
|  46|0x0000000087000000, 0x00000000870ffff0, 0x0000000087100000| 99%| O|  |TAMS 0x0000000087000000| PB 0x0000000087000000| Untracked 
|  47|0x0000000087100000, 0x000000008712ba28, 0x0000000087200000| 17%| O|  |TAMS 0x0000000087100000| PB 0x0000000087100000| Untracked 
|  48|0x0000000087200000, 0x00000000872c2b10, 0x0000000087300000| 76%| O|  |TAMS 0x0000000087200000| PB 0x0000000087200000| Untracked 
|  49|0x0000000087300000, 0x00000000873d3ec8, 0x0000000087400000| 82%| O|  |TAMS 0x0000000087300000| PB 0x0000000087300000| Untracked 
|  50|0x0000000087400000, 0x0000000087400000, 0x0000000087500000|  0%| F|  |TAMS 0x0000000087400000| PB 0x0000000087400000| Untracked 
|  51|0x0000000087500000, 0x0000000087500000, 0x0000000087600000|  0%| F|  |TAMS 0x0000000087500000| PB 0x0000000087500000| Untracked 
|  52|0x0000000087600000, 0x0000000087600000, 0x0000000087700000|  0%| F|  |TAMS 0x0000000087600000| PB 0x0000000087600000| Untracked 
|  53|0x0000000087700000, 0x0000000087700000, 0x0000000087800000|  0%| F|  |TAMS 0x0000000087700000| PB 0x0000000087700000| Untracked 
|  54|0x0000000087800000, 0x0000000087800000, 0x0000000087900000|  0%| F|  |TAMS 0x0000000087800000| PB 0x0000000087800000| Untracked 
|  55|0x0000000087900000, 0x0000000087900000, 0x0000000087a00000|  0%| F|  |TAMS 0x0000000087900000| PB 0x0000000087900000| Untracked 
|  56|0x0000000087a00000, 0x0000000087a00000, 0x0000000087b00000|  0%| F|  |TAMS 0x0000000087a00000| PB 0x0000000087a00000| Untracked 
|  57|0x0000000087b00000, 0x0000000087b00000, 0x0000000087c00000|  0%| F|  |TAMS 0x0000000087b00000| PB 0x0000000087b00000| Untracked 
|  58|0x0000000087c00000, 0x0000000087c00000, 0x0000000087d00000|  0%| F|  |TAMS 0x0000000087c00000| PB 0x0000000087c00000| Untracked 
|  59|0x0000000087d00000, 0x0000000087d00000, 0x0000000087e00000|  0%| F|  |TAMS 0x0000000087d00000| PB 0x0000000087d00000| Untracked 
|  60|0x0000000087e00000, 0x0000000087e00000, 0x0000000087f00000|  0%| F|  |TAMS 0x0000000087e00000| PB 0x0000000087e00000| Untracked 
|  61|0x0000000087f00000, 0x0000000087f00000, 0x0000000088000000|  0%| F|  |TAMS 0x0000000087f00000| PB 0x0000000087f00000| Untracked 
|  62|0x0000000088000000, 0x0000000088000000, 0x0000000088100000|  0%| F|  |TAMS 0x0000000088000000| PB 0x0000000088000000| Untracked 
|  63|0x0000000088100000, 0x0000000088100000, 0x0000000088200000|  0%| F|  |TAMS 0x0000000088100000| PB 0x0000000088100000| Untracked 
|  64|0x0000000088200000, 0x0000000088200000, 0x0000000088300000|  0%| F|  |TAMS 0x0000000088200000| PB 0x0000000088200000| Untracked 
|  65|0x0000000088300000, 0x0000000088300000, 0x0000000088400000|  0%| F|  |TAMS 0x0000000088300000| PB 0x0000000088300000| Untracked 
|  66|0x0000000088400000, 0x0000000088400000, 0x0000000088500000|  0%| F|  |TAMS 0x0000000088400000| PB 0x0000000088400000| Untracked 
|  67|0x0000000088500000, 0x0000000088500000, 0x0000000088600000|  0%| F|  |TAMS 0x0000000088500000| PB 0x0000000088500000| Untracked 
|  68|0x0000000088600000, 0x0000000088600000, 0x0000000088700000|  0%| F|  |TAMS 0x0000000088600000| PB 0x0000000088600000| Untracked 
|  69|0x0000000088700000, 0x0000000088700000, 0x0000000088800000|  0%| F|  |TAMS 0x0000000088700000| PB 0x0000000088700000| Untracked 
|  70|0x0000000088800000, 0x0000000088800000, 0x0000000088900000|  0%| F|  |TAMS 0x0000000088800000| PB 0x0000000088800000| Untracked 
|  71|0x0000000088900000, 0x0000000088900000, 0x0000000088a00000|  0%| F|  |TAMS 0x0000000088900000| PB 0x0000000088900000| Untracked 
|  72|0x0000000088a00000, 0x0000000088a00000, 0x0000000088b00000|  0%| F|  |TAMS 0x0000000088a00000| PB 0x0000000088a00000| Untracked 
|  73|0x0000000088b00000, 0x0000000088b00000, 0x0000000088c00000|  0%| F|  |TAMS 0x0000000088b00000| PB 0x0000000088b00000| Untracked 
|  74|0x0000000088c00000, 0x0000000088c00000, 0x0000000088d00000|  0%| F|  |TAMS 0x0000000088c00000| PB 0x0000000088c00000| Untracked 
|  75|0x0000000088d00000, 0x0000000088d00000, 0x0000000088e00000|  0%| F|  |TAMS 0x0000000088d00000| PB 0x0000000088d00000| Untracked 
|  76|0x0000000088e00000, 0x0000000088e00000, 0x0000000088f00000|  0%| F|  |TAMS 0x0000000088e00000| PB 0x0000000088e00000| Untracked 
|  77|0x0000000088f00000, 0x0000000088f00000, 0x0000000089000000|  0%| F|  |TAMS 0x0000000088f00000| PB 0x0000000088f00000| Untracked 
|  78|0x0000000089000000, 0x0000000089000000, 0x0000000089100000|  0%| F|  |TAMS 0x0000000089000000| PB 0x0000000089000000| Untracked 
|  79|0x0000000089100000, 0x0000000089100000, 0x0000000089200000|  0%| F|  |TAMS 0x0000000089100000| PB 0x0000000089100000| Untracked 
|  80|0x0000000089200000, 0x0000000089200000, 0x0000000089300000|  0%| F|  |TAMS 0x0000000089200000| PB 0x0000000089200000| Untracked 
|  81|0x0000000089300000, 0x0000000089300000, 0x0000000089400000|  0%| F|  |TAMS 0x0000000089300000| PB 0x0000000089300000| Untracked 
|  82|0x0000000089400000, 0x0000000089400000, 0x0000000089500000|  0%| F|  |TAMS 0x0000000089400000| PB 0x0000000089400000| Untracked 
|  83|0x0000000089500000, 0x0000000089500000, 0x0000000089600000|  0%| F|  |TAMS 0x0000000089500000| PB 0x0000000089500000| Untracked 
|  84|0x0000000089600000, 0x0000000089600000, 0x0000000089700000|  0%| F|  |TAMS 0x0000000089600000| PB 0x0000000089600000| Untracked 
|  85|0x0000000089700000, 0x0000000089700000, 0x0000000089800000|  0%| F|  |TAMS 0x0000000089700000| PB 0x0000000089700000| Untracked 
|  86|0x0000000089800000, 0x0000000089800000, 0x0000000089900000|  0%| F|  |TAMS 0x0000000089800000| PB 0x0000000089800000| Untracked 
|  87|0x0000000089900000, 0x0000000089900000, 0x0000000089a00000|  0%| F|  |TAMS 0x0000000089900000| PB 0x0000000089900000| Untracked 
|  88|0x0000000089a00000, 0x0000000089a00000, 0x0000000089b00000|  0%| F|  |TAMS 0x0000000089a00000| PB 0x0000000089a00000| Untracked 
|  89|0x0000000089b00000, 0x0000000089b00000, 0x0000000089c00000|  0%| F|  |TAMS 0x0000000089b00000| PB 0x0000000089b00000| Untracked 
|  90|0x0000000089c00000, 0x0000000089c00000, 0x0000000089d00000|  0%| F|  |TAMS 0x0000000089c00000| PB 0x0000000089c00000| Untracked 
|  91|0x0000000089d00000, 0x0000000089d00000, 0x0000000089e00000|  0%| F|  |TAMS 0x0000000089d00000| PB 0x0000000089d00000| Untracked 
|  92|0x0000000089e00000, 0x0000000089e00000, 0x0000000089f00000|  0%| F|  |TAMS 0x0000000089e00000| PB 0x0000000089e00000| Untracked 
|  93|0x0000000089f00000, 0x0000000089f00000, 0x000000008a000000|  0%| F|  |TAMS 0x0000000089f00000| PB 0x0000000089f00000| Untracked 
|  94|0x000000008a000000, 0x000000008a000000, 0x000000008a100000|  0%| F|  |TAMS 0x000000008a000000| PB 0x000000008a000000| Untracked 
|  95|0x000000008a100000, 0x000000008a100000, 0x000000008a200000|  0%| F|  |TAMS 0x000000008a100000| PB 0x000000008a100000| Untracked 
|  96|0x000000008a200000, 0x000000008a200000, 0x000000008a300000|  0%| F|  |TAMS 0x000000008a200000| PB 0x000000008a200000| Untracked 
|  97|0x000000008a300000, 0x000000008a300000, 0x000000008a400000|  0%| F|  |TAMS 0x000000008a300000| PB 0x000000008a300000| Untracked 
|  98|0x000000008a400000, 0x000000008a400000, 0x000000008a500000|  0%| F|  |TAMS 0x000000008a400000| PB 0x000000008a400000| Untracked 
|  99|0x000000008a500000, 0x000000008a500000, 0x000000008a600000|  0%| F|  |TAMS 0x000000008a500000| PB 0x000000008a500000| Untracked 
| 100|0x000000008a600000, 0x000000008a600000, 0x000000008a700000|  0%| F|  |TAMS 0x000000008a600000| PB 0x000000008a600000| Untracked 
| 101|0x000000008a700000, 0x000000008a700000, 0x000000008a800000|  0%| F|  |TAMS 0x000000008a700000| PB 0x000000008a700000| Untracked 
| 102|0x000000008a800000, 0x000000008a800000, 0x000000008a900000|  0%| F|  |TAMS 0x000000008a800000| PB 0x000000008a800000| Untracked 
| 103|0x000000008a900000, 0x000000008a900000, 0x000000008aa00000|  0%| F|  |TAMS 0x000000008a900000| PB 0x000000008a900000| Untracked 
| 104|0x000000008aa00000, 0x000000008aa00000, 0x000000008ab00000|  0%| F|  |TAMS 0x000000008aa00000| PB 0x000000008aa00000| Untracked 
| 105|0x000000008ab00000, 0x000000008ab00000, 0x000000008ac00000|  0%| F|  |TAMS 0x000000008ab00000| PB 0x000000008ab00000| Untracked 
| 106|0x000000008ac00000, 0x000000008ac1f230, 0x000000008ad00000| 12%| E|  |TAMS 0x000000008ac00000| PB 0x000000008ac00000| Complete 
| 107|0x000000008ad00000, 0x000000008ae00000, 0x000000008ae00000|100%| E|CS|TAMS 0x000000008ad00000| PB 0x000000008ad00000| Complete 
| 108|0x000000008ae00000, 0x000000008af00000, 0x000000008af00000|100%| E|CS|TAMS 0x000000008ae00000| PB 0x000000008ae00000| Complete 
| 109|0x000000008af00000, 0x000000008b000000, 0x000000008b000000|100%| E|CS|TAMS 0x000000008af00000| PB 0x000000008af00000| Complete 
| 110|0x000000008b000000, 0x000000008b0fffc0, 0x000000008b100000| 99%| E|  |TAMS 0x000000008b000000| PB 0x000000008b000000| Complete 
| 111|0x000000008b100000, 0x000000008b200000, 0x000000008b200000|100%| E|CS|TAMS 0x000000008b100000| PB 0x000000008b100000| Complete 
| 112|0x000000008b200000, 0x000000008b300000, 0x000000008b300000|100%| E|CS|TAMS 0x000000008b200000| PB 0x000000008b200000| Complete 
| 113|0x000000008b300000, 0x000000008b400000, 0x000000008b400000|100%| E|CS|TAMS 0x000000008b300000| PB 0x000000008b300000| Complete 
| 114|0x000000008b400000, 0x000000008b500000, 0x000000008b500000|100%| E|CS|TAMS 0x000000008b400000| PB 0x000000008b400000| Complete 
| 115|0x000000008b500000, 0x000000008b600000, 0x000000008b600000|100%| E|CS|TAMS 0x000000008b500000| PB 0x000000008b500000| Complete 
| 116|0x000000008b600000, 0x000000008b700000, 0x000000008b700000|100%| E|CS|TAMS 0x000000008b600000| PB 0x000000008b600000| Complete 
| 117|0x000000008b700000, 0x000000008b800000, 0x000000008b800000|100%| E|CS|TAMS 0x000000008b700000| PB 0x000000008b700000| Complete 
| 118|0x000000008b800000, 0x000000008b900000, 0x000000008b900000|100%| E|CS|TAMS 0x000000008b800000| PB 0x000000008b800000| Complete 
| 119|0x000000008b900000, 0x000000008ba00000, 0x000000008ba00000|100%| E|CS|TAMS 0x000000008b900000| PB 0x000000008b900000| Complete 
| 120|0x000000008ba00000, 0x000000008bb00000, 0x000000008bb00000|100%| E|CS|TAMS 0x000000008ba00000| PB 0x000000008ba00000| Complete 
| 121|0x000000008bb00000, 0x000000008bc00000, 0x000000008bc00000|100%| E|CS|TAMS 0x000000008bb00000| PB 0x000000008bb00000| Complete 
| 122|0x000000008bc00000, 0x000000008bd00000, 0x000000008bd00000|100%| E|CS|TAMS 0x000000008bc00000| PB 0x000000008bc00000| Complete 
| 123|0x000000008bd00000, 0x000000008be00000, 0x000000008be00000|100%| E|CS|TAMS 0x000000008bd00000| PB 0x000000008bd00000| Complete 
| 124|0x000000008be00000, 0x000000008bf00000, 0x000000008bf00000|100%| E|CS|TAMS 0x000000008be00000| PB 0x000000008be00000| Complete 
| 125|0x000000008bf00000, 0x000000008c000000, 0x000000008c000000|100%| E|CS|TAMS 0x000000008bf00000| PB 0x000000008bf00000| Complete 
| 126|0x000000008c000000, 0x000000008c100000, 0x000000008c100000|100%| E|CS|TAMS 0x000000008c000000| PB 0x000000008c000000| Complete 
| 127|0x000000008c100000, 0x000000008c200000, 0x000000008c200000|100%| E|CS|TAMS 0x000000008c100000| PB 0x000000008c100000| Complete 
| 128|0x000000008c200000, 0x000000008c300000, 0x000000008c300000|100%| E|CS|TAMS 0x000000008c200000| PB 0x000000008c200000| Complete 
| 129|0x000000008c300000, 0x000000008c400000, 0x000000008c400000|100%| E|CS|TAMS 0x000000008c300000| PB 0x000000008c300000| Complete 
| 130|0x000000008c400000, 0x000000008c500000, 0x000000008c500000|100%| E|CS|TAMS 0x000000008c400000| PB 0x000000008c400000| Complete 
| 131|0x000000008c500000, 0x000000008c600000, 0x000000008c600000|100%| E|CS|TAMS 0x000000008c500000| PB 0x000000008c500000| Complete 
| 132|0x000000008c600000, 0x000000008c700000, 0x000000008c700000|100%| E|CS|TAMS 0x000000008c600000| PB 0x000000008c600000| Complete 
| 133|0x000000008c700000, 0x000000008c800000, 0x000000008c800000|100%| E|CS|TAMS 0x000000008c700000| PB 0x000000008c700000| Complete 
| 134|0x000000008c800000, 0x000000008c900000, 0x000000008c900000|100%| E|CS|TAMS 0x000000008c800000| PB 0x000000008c800000| Complete 
| 135|0x000000008c900000, 0x000000008ca00000, 0x000000008ca00000|100%| E|CS|TAMS 0x000000008c900000| PB 0x000000008c900000| Complete 
| 136|0x000000008ca00000, 0x000000008cb00000, 0x000000008cb00000|100%| E|CS|TAMS 0x000000008ca00000| PB 0x000000008ca00000| Complete 
| 137|0x000000008cb00000, 0x000000008cc00000, 0x000000008cc00000|100%| E|CS|TAMS 0x000000008cb00000| PB 0x000000008cb00000| Complete 
| 138|0x000000008cc00000, 0x000000008cd00000, 0x000000008cd00000|100%| E|CS|TAMS 0x000000008cc00000| PB 0x000000008cc00000| Complete 
| 139|0x000000008cd00000, 0x000000008ce00000, 0x000000008ce00000|100%| E|CS|TAMS 0x000000008cd00000| PB 0x000000008cd00000| Complete 
| 140|0x000000008ce00000, 0x000000008cf00000, 0x000000008cf00000|100%| E|CS|TAMS 0x000000008ce00000| PB 0x000000008ce00000| Complete 
| 141|0x000000008cf00000, 0x000000008d000000, 0x000000008d000000|100%| E|CS|TAMS 0x000000008cf00000| PB 0x000000008cf00000| Complete 
| 142|0x000000008d000000, 0x000000008d100000, 0x000000008d100000|100%| E|CS|TAMS 0x000000008d000000| PB 0x000000008d000000| Complete 
| 143|0x000000008d100000, 0x000000008d200000, 0x000000008d200000|100%| E|CS|TAMS 0x000000008d100000| PB 0x000000008d100000| Complete 
| 144|0x000000008d200000, 0x000000008d300000, 0x000000008d300000|100%| E|CS|TAMS 0x000000008d200000| PB 0x000000008d200000| Complete 
| 145|0x000000008d300000, 0x000000008d400000, 0x000000008d400000|100%| E|CS|TAMS 0x000000008d300000| PB 0x000000008d300000| Complete 
| 146|0x000000008d400000, 0x000000008d500000, 0x000000008d500000|100%| E|CS|TAMS 0x000000008d400000| PB 0x000000008d400000| Complete 
| 147|0x000000008d500000, 0x000000008d600000, 0x000000008d600000|100%| E|CS|TAMS 0x000000008d500000| PB 0x000000008d500000| Complete 
| 148|0x000000008d600000, 0x000000008d700000, 0x000000008d700000|100%| E|CS|TAMS 0x000000008d600000| PB 0x000000008d600000| Complete 
| 149|0x000000008d700000, 0x000000008d800000, 0x000000008d800000|100%| E|CS|TAMS 0x000000008d700000| PB 0x000000008d700000| Complete 
| 150|0x000000008d800000, 0x000000008d900000, 0x000000008d900000|100%| E|CS|TAMS 0x000000008d800000| PB 0x000000008d800000| Complete 
| 151|0x000000008d900000, 0x000000008da00000, 0x000000008da00000|100%| E|CS|TAMS 0x000000008d900000| PB 0x000000008d900000| Complete 
| 152|0x000000008da00000, 0x000000008db00000, 0x000000008db00000|100%| E|CS|TAMS 0x000000008da00000| PB 0x000000008da00000| Complete 

Card table byte_map: [0x000002a7704a0000,0x000002a770880000] _byte_map_base: 0x000002a77007f000

Marking Bits: (CMBitMap*) 0x000002a758a51580
 Bits: [0x000002a770880000, 0x000002a772778000)

Polling page: 0x000002a756960000

Metaspace:

Usage:
  Non-class:    102.10 MB used.
      Class:     13.67 MB used.
       Both:    115.77 MB used.

Virtual space:
  Non-class space:      128.00 MB reserved,     102.81 MB ( 80%) committed,  2 nodes.
      Class space:        1.00 GB reserved,      14.31 MB (  1%) committed,  1 nodes.
             Both:        1.12 GB reserved,     117.12 MB ( 10%) committed. 

Chunk freelists:
   Non-Class:  8.42 MB
       Class:  1.55 MB
        Both:  9.97 MB

MaxMetaspaceSize: unlimited
CompressedClassSpaceSize: 1.00 GB
Initial GC threshold: 21.00 MB
Current GC threshold: 194.38 MB
CDS: on
 - commit_granule_bytes: 65536.
 - commit_granule_words: 8192.
 - virtual_space_node_default_size: 8388608.
 - enlarge_chunks_in_place: 1.
 - use_allocation_guard: 0.


Internal statistics:

num_allocs_failed_limit: 6.
num_arena_births: 2838.
num_arena_deaths: 1008.
num_vsnodes_births: 3.
num_vsnodes_deaths: 0.
num_space_committed: 1874.
num_space_uncommitted: 0.
num_chunks_returned_to_freelist: 1247.
num_chunks_taken_from_freelist: 8693.
num_chunk_merges: 324.
num_chunk_splits: 5355.
num_chunks_enlarged: 3692.
num_inconsistent_stats: 0.

CodeHeap 'non-profiled nmethods': size=120000Kb used=17723Kb max_used=17723Kb free=102276Kb
 bounds [0x000002a768b90000, 0x000002a769d00000, 0x000002a7700c0000]
CodeHeap 'profiled nmethods': size=120000Kb used=34427Kb max_used=35987Kb free=85572Kb
 bounds [0x000002a7610c0000, 0x000002a7633f0000, 0x000002a7685f0000]
CodeHeap 'non-nmethods': size=5760Kb used=2002Kb max_used=2102Kb free=3757Kb
 bounds [0x000002a7685f0000, 0x000002a768860000, 0x000002a768b90000]
 total_blobs=16146 nmethods=15367 adapters=680
 compilation: enabled
              stopped_count=0, restarted_count=0
 full_count=0

Compilation events (20 events):
Event: 4891.090 Thread 0x000002a774c62d00 32029       4       org.springframework.core.annotation.AnnotationTypeMapping::afterAllMappingsSet (45 bytes)
Event: 4891.112 Thread 0x000002a774c963d0 32034       3       org.springframework.boot.context.properties.bind.Binder$Context::isNestedConstructorBinding (18 bytes)
Event: 4891.112 Thread 0x000002a774c963d0 nmethod 32034 0x000002a76176ec10 code [0x000002a76176edc0, 0x000002a76176efe8]
Event: 4891.113 Thread 0x000002a774c963d0 32035       3       org.springframework.boot.context.properties.bind.DefaultBindConstructorProvider::getBindConstructor (59 bytes)
Event: 4891.113 Thread 0x000002a774c963d0 nmethod 32035 0x000002a761f61b10 code [0x000002a761f61d00, 0x000002a761f621b0]
Event: 4891.114 Thread 0x000002a77c7b18a0 32033       4       org.springframework.core.annotation.AnnotationTypeMapping::validateAllAliasesClaimed (97 bytes)
Event: 4891.115 Thread 0x000002a774c963d0 32036       3       java.lang.StringLatin1$CharsSpliterator::forEachRemaining (72 bytes)
Event: 4891.116 Thread 0x000002a774c963d0 nmethod 32036 0x000002a761ff3910 code [0x000002a761ff3ae0, 0x000002a761ff3f70]
Event: 4891.120 Thread 0x000002a774c963d0 32037       3       org.springframework.beans.factory.config.DependencyDescriptor::forFallbackMatch (10 bytes)
Event: 4891.120 Thread 0x000002a774c963d0 nmethod 32037 0x000002a761e89b10 code [0x000002a761e89cc0, 0x000002a761e89f30]
Event: 4891.120 Thread 0x000002a774c963d0 32038       3       org.springframework.beans.factory.config.DependencyDescriptor$1::<init> (11 bytes)
Event: 4891.120 Thread 0x000002a774c963d0 nmethod 32038 0x000002a762307390 code [0x000002a762307540, 0x000002a7623076d8]
Event: 4891.146 Thread 0x000002a774c62d00 nmethod 32029 0x000002a769cfa710 code [0x000002a769cfaa40, 0x000002a769cfbfe8]
Event: 4891.146 Thread 0x000002a774c62d00 32030   !   4       org.springframework.core.annotation.AnnotationTypeMappings::addIfPossible (68 bytes)
Event: 4891.152 Thread 0x000002a77c7b18a0 nmethod 32033 0x000002a769cfcd90 code [0x000002a769cfd060, 0x000002a769cfde88]
Event: 4891.152 Thread 0x000002a77c7b18a0 32031       4       org.springframework.core.annotation.AnnotationTypeMapping::<init> (191 bytes)
Event: 4891.267 Thread 0x000002a774c963d0 32039       3       java.security.ProtectionDomain::<init> (98 bytes)
Event: 4891.267 Thread 0x000002a774c963d0 nmethod 32039 0x000002a761c21210 code [0x000002a761c21420, 0x000002a761c21ed0]
Event: 4891.300 Thread 0x000002a774c963d0 32040       3       java.util.jar.Manifest::parseName (84 bytes)
Event: 4891.301 Thread 0x000002a774c963d0 nmethod 32040 0x000002a761504910 code [0x000002a761504b20, 0x000002a761505290]

GC Heap History (20 events):
Event: 4433.980 GC heap before
{Heap before GC invocations=119 (full 12):
 garbage-first heap   total 156672K, used 139261K [0x0000000084200000, 0x0000000100000000)
  region size 1024K, 81 young (82944K), 5 survivors (5120K)
 Metaspace       used 115393K, committed 116736K, reserved 1179648K
  class space    used 13744K, committed 14400K, reserved 1048576K
}
Event: 4434.015 GC heap after
{Heap after GC invocations=120 (full 12):
 garbage-first heap   total 156672K, used 61459K [0x0000000084200000, 0x0000000100000000)
  region size 1024K, 5 young (5120K), 5 survivors (5120K)
 Metaspace       used 115393K, committed 116736K, reserved 1179648K
  class space    used 13744K, committed 14400K, reserved 1048576K
}
Event: 4539.912 GC heap before
{Heap before GC invocations=120 (full 12):
 garbage-first heap   total 156672K, used 140307K [0x0000000084200000, 0x0000000100000000)
  region size 1024K, 82 young (83968K), 5 survivors (5120K)
 Metaspace       used 115398K, committed 116736K, reserved 1179648K
  class space    used 13744K, committed 14400K, reserved 1048576K
}
Event: 4540.029 GC heap after
{Heap after GC invocations=121 (full 12):
 garbage-first heap   total 156672K, used 61274K [0x0000000084200000, 0x0000000100000000)
  region size 1024K, 4 young (4096K), 4 survivors (4096K)
 Metaspace       used 115398K, committed 116736K, reserved 1179648K
  class space    used 13744K, committed 14400K, reserved 1048576K
}
Event: 4553.253 GC heap before
{Heap before GC invocations=122 (full 12):
 garbage-first heap   total 156672K, used 70490K [0x0000000084200000, 0x0000000100000000)
  region size 1024K, 14 young (14336K), 4 survivors (4096K)
 Metaspace       used 115225K, committed 116736K, reserved 1179648K
  class space    used 13697K, committed 14400K, reserved 1048576K
}
Event: 4553.429 GC heap after
{Heap after GC invocations=123 (full 13):
 garbage-first heap   total 156672K, used 49591K [0x0000000084200000, 0x0000000100000000)
  region size 1024K, 0 young (0K), 0 survivors (0K)
 Metaspace       used 115225K, committed 116736K, reserved 1179648K
  class space    used 13697K, committed 14400K, reserved 1048576K
}
Event: 4557.886 GC heap before
{Heap before GC invocations=123 (full 13):
 garbage-first heap   total 156672K, used 141751K [0x0000000084200000, 0x0000000100000000)
  region size 1024K, 91 young (93184K), 0 survivors (0K)
 Metaspace       used 116196K, committed 117440K, reserved 1179648K
  class space    used 13800K, committed 14400K, reserved 1048576K
}
Event: 4557.918 GC heap after
{Heap after GC invocations=124 (full 13):
 garbage-first heap   total 156672K, used 58142K [0x0000000084200000, 0x0000000100000000)
  region size 1024K, 9 young (9216K), 9 survivors (9216K)
 Metaspace       used 116196K, committed 117440K, reserved 1179648K
  class space    used 13800K, committed 14400K, reserved 1048576K
}
Event: 4626.655 GC heap before
{Heap before GC invocations=125 (full 13):
 garbage-first heap   total 156672K, used 136990K [0x0000000084200000, 0x0000000100000000)
  region size 1024K, 86 young (88064K), 9 survivors (9216K)
 Metaspace       used 116692K, committed 117952K, reserved 1179648K
  class space    used 13837K, committed 14464K, reserved 1048576K
}
Event: 4626.753 GC heap after
{Heap after GC invocations=126 (full 13):
 garbage-first heap   total 156672K, used 60260K [0x0000000084200000, 0x0000000100000000)
  region size 1024K, 4 young (4096K), 4 survivors (4096K)
 Metaspace       used 116692K, committed 117952K, reserved 1179648K
  class space    used 13837K, committed 14464K, reserved 1048576K
}
Event: 4641.669 GC heap before
{Heap before GC invocations=126 (full 13):
 garbage-first heap   total 156672K, used 71524K [0x0000000084200000, 0x0000000100000000)
  region size 1024K, 16 young (16384K), 4 survivors (4096K)
 Metaspace       used 116697K, committed 117952K, reserved 1179648K
  class space    used 13838K, committed 14464K, reserved 1048576K
}
Event: 4642.259 GC heap after
{Heap after GC invocations=127 (full 14):
 garbage-first heap   total 156672K, used 50182K [0x0000000084200000, 0x0000000100000000)
  region size 1024K, 0 young (0K), 0 survivors (0K)
 Metaspace       used 116677K, committed 117952K, reserved 1179648K
  class space    used 13837K, committed 14464K, reserved 1048576K
}
Event: 4653.052 GC heap before
{Heap before GC invocations=127 (full 14):
 garbage-first heap   total 156672K, used 141318K [0x0000000084200000, 0x0000000100000000)
  region size 1024K, 90 young (92160K), 0 survivors (0K)
 Metaspace       used 117571K, committed 118848K, reserved 1179648K
  class space    used 13912K, committed 14528K, reserved 1048576K
}
Event: 4653.073 GC heap after
{Heap after GC invocations=128 (full 14):
 garbage-first heap   total 156672K, used 58187K [0x0000000084200000, 0x0000000100000000)
  region size 1024K, 8 young (8192K), 8 survivors (8192K)
 Metaspace       used 117571K, committed 118848K, reserved 1179648K
  class space    used 13912K, committed 14528K, reserved 1048576K
}
Event: 4714.180 GC heap before
{Heap before GC invocations=129 (full 14):
 garbage-first heap   total 156672K, used 137035K [0x0000000084200000, 0x0000000100000000)
  region size 1024K, 86 young (88064K), 8 survivors (8192K)
 Metaspace       used 118161K, committed 119424K, reserved 1179648K
  class space    used 13960K, committed 14592K, reserved 1048576K
}
Event: 4714.223 GC heap after
{Heap after GC invocations=130 (full 14):
 garbage-first heap   total 156672K, used 60499K [0x0000000084200000, 0x0000000100000000)
  region size 1024K, 4 young (4096K), 4 survivors (4096K)
 Metaspace       used 118161K, committed 119424K, reserved 1179648K
  class space    used 13960K, committed 14592K, reserved 1048576K
}
Event: 4831.398 GC heap before
{Heap before GC invocations=130 (full 14):
 garbage-first heap   total 156672K, used 141395K [0x0000000084200000, 0x0000000100000000)
  region size 1024K, 83 young (84992K), 4 survivors (4096K)
 Metaspace       used 118161K, committed 119424K, reserved 1179648K
  class space    used 13960K, committed 14592K, reserved 1048576K
}
Event: 4831.429 GC heap after
{Heap after GC invocations=131 (full 14):
 garbage-first heap   total 156672K, used 60963K [0x0000000084200000, 0x0000000100000000)
  region size 1024K, 4 young (4096K), 4 survivors (4096K)
 Metaspace       used 118161K, committed 119424K, reserved 1179648K
  class space    used 13960K, committed 14592K, reserved 1048576K
}
Event: 4885.078 GC heap before
{Heap before GC invocations=131 (full 14):
 garbage-first heap   total 156672K, used 98851K [0x0000000084200000, 0x0000000100000000)
  region size 1024K, 42 young (43008K), 4 survivors (4096K)
 Metaspace       used 118164K, committed 119424K, reserved 1179648K
  class space    used 13960K, committed 14592K, reserved 1048576K
}
Event: 4886.220 GC heap after
{Heap after GC invocations=132 (full 15):
 garbage-first heap   total 156672K, used 49926K [0x0000000084200000, 0x0000000100000000)
  region size 1024K, 0 young (0K), 0 survivors (0K)
 Metaspace       used 118118K, committed 119424K, reserved 1179648K
  class space    used 13952K, committed 14592K, reserved 1048576K
}

Dll operation events (13 events):
Event: 0.019 Loaded shared library C:\Program Files\Eclipse Adoptium\jdk-21.0.4.7-hotspot\bin\java.dll
Event: 0.105 Loaded shared library C:\Program Files\Eclipse Adoptium\jdk-21.0.4.7-hotspot\bin\jsvml.dll
Event: 0.258 Loaded shared library C:\Program Files\Eclipse Adoptium\jdk-21.0.4.7-hotspot\bin\zip.dll
Event: 0.262 Loaded shared library C:\Program Files\Eclipse Adoptium\jdk-21.0.4.7-hotspot\bin\instrument.dll
Event: 0.277 Loaded shared library C:\Program Files\Eclipse Adoptium\jdk-21.0.4.7-hotspot\bin\net.dll
Event: 0.282 Loaded shared library C:\Program Files\Eclipse Adoptium\jdk-21.0.4.7-hotspot\bin\nio.dll
Event: 0.286 Loaded shared library C:\Program Files\Eclipse Adoptium\jdk-21.0.4.7-hotspot\bin\zip.dll
Event: 0.496 Loaded shared library C:\Program Files\Eclipse Adoptium\jdk-21.0.4.7-hotspot\bin\extnet.dll
Event: 0.589 Loaded shared library C:\Program Files\Eclipse Adoptium\jdk-21.0.4.7-hotspot\bin\jimage.dll
Event: 0.913 Loaded shared library C:\Program Files\Eclipse Adoptium\jdk-21.0.4.7-hotspot\bin\management.dll
Event: 0.920 Loaded shared library C:\Program Files\Eclipse Adoptium\jdk-21.0.4.7-hotspot\bin\management_ext.dll
Event: 2.358 Loaded shared library C:\Program Files\Eclipse Adoptium\jdk-21.0.4.7-hotspot\bin\sunmscapi.dll
Event: 5.384 Loaded shared library C:\Program Files\Eclipse Adoptium\jdk-21.0.4.7-hotspot\bin\verify.dll

Deoptimization events (20 events):
Event: 4558.570 Thread 0x000002a77d84e7d0 DEOPT PACKING pc=0x000002a769b4347c sp=0x000000d69befe990
Event: 4558.571 Thread 0x000002a77d84e7d0 DEOPT UNPACKING pc=0x000002a768647da2 sp=0x000000d69befe880 mode 2
Event: 4560.956 Thread 0x000002a77d977fd0 Uncommon trap: trap_request=0xfffffff4 fr.pc=0x000002a7694f72d0 relative=0x00000000000049b0
Event: 4560.956 Thread 0x000002a77d977fd0 Uncommon trap: reason=null_check action=make_not_entrant pc=0x000002a7694f72d0 method=org.springframework.data.jpa.repository.support.CrudMethodMetadataPostProcessor$DefaultCrudMethodMetadata.findComment(Ljava/lang/reflect/Method;)Ljava/lang/String; @ 6 c
Event: 4560.956 Thread 0x000002a77d977fd0 DEOPT PACKING pc=0x000002a7694f72d0 sp=0x000000d69cafafa0
Event: 4560.956 Thread 0x000002a77d977fd0 DEOPT UNPACKING pc=0x000002a768647da2 sp=0x000000d69cafaec0 mode 2
Event: 4619.049 Thread 0x000002a77d978cf0 Uncommon trap: trap_request=0xffffffd6 fr.pc=0x000002a769b4347c relative=0x000000000000125c
Event: 4619.052 Thread 0x000002a77d978cf0 Uncommon trap: reason=array_check action=maybe_recompile pc=0x000002a769b4347c method=java.util.concurrent.ScheduledThreadPoolExecutor$DelayedWorkQueue.offer(Ljava/lang/Runnable;)Z @ 65 c2
Event: 4619.052 Thread 0x000002a77d978cf0 DEOPT PACKING pc=0x000002a769b4347c sp=0x000000d69c8ff0b0
Event: 4619.054 Thread 0x000002a77d978cf0 DEOPT UNPACKING pc=0x000002a768647da2 sp=0x000000d69c8fefa0 mode 2
Event: 4668.584 Thread 0x000002a77d97adc0 Uncommon trap: trap_request=0xfffffff4 fr.pc=0x000002a769c88ba0 relative=0x00000000000049a0
Event: 4668.585 Thread 0x000002a77d97adc0 Uncommon trap: reason=null_check action=make_not_entrant pc=0x000002a769c88ba0 method=org.springframework.data.jpa.repository.support.CrudMethodMetadataPostProcessor$DefaultCrudMethodMetadata.findEntityGraph(Ljava/lang/reflect/Method;)Ljava/util/Optional;
Event: 4668.585 Thread 0x000002a77d97adc0 DEOPT PACKING pc=0x000002a769c88ba0 sp=0x000000d69cdfaef0
Event: 4668.585 Thread 0x000002a77d97adc0 DEOPT UNPACKING pc=0x000002a768647da2 sp=0x000000d69cdfae28 mode 2
Event: 4884.496 Thread 0x000002a77d84c070 DEOPT PACKING pc=0x000002a763379ad5 sp=0x000000d69d4ff290
Event: 4884.497 Thread 0x000002a77d84c070 DEOPT UNPACKING pc=0x000002a7686488e2 sp=0x000000d69d4fe798 mode 0
Event: 4891.118 Thread 0x000002a77d84c070 Uncommon trap: trap_request=0xfffffff4 fr.pc=0x000002a769cf7cf8 relative=0x0000000000002858
Event: 4891.118 Thread 0x000002a77d84c070 Uncommon trap: reason=null_check action=make_not_entrant pc=0x000002a769cf7cf8 method=org.springframework.boot.context.properties.bind.Binder.getAggregateBinder(Lorg/springframework/boot/context/properties/bind/Bindable;Lorg/springframework/boot/context/p
Event: 4891.118 Thread 0x000002a77d84c070 DEOPT PACKING pc=0x000002a769cf7cf8 sp=0x000000d69befb8f0
Event: 4891.118 Thread 0x000002a77d84c070 DEOPT UNPACKING pc=0x000002a768647da2 sp=0x000000d69befb7b0 mode 2

Classes loaded (20 events):
Event: 1375.726 Loading class javax/crypto/BadPaddingException
Event: 1375.728 Loading class javax/crypto/BadPaddingException done
Event: 2381.057 Loading class java/util/concurrent/locks/AbstractQueuedSynchronizer$SharedNode
Event: 2381.062 Loading class java/util/concurrent/locks/AbstractQueuedSynchronizer$SharedNode done
Event: 2382.505 Loading class java/lang/ref/Finalizer$2
Event: 2382.507 Loading class java/lang/ref/Finalizer$2 done
Event: 2382.507 Loading class java/lang/ref/Finalizer$1
Event: 2382.510 Loading class java/lang/ref/Finalizer$1 done
Event: 2389.455 Loading class java/time/DurationEditor
Event: 2389.455 Loading class java/time/DurationEditor done
Event: 2417.891 Loading class jdk/internal/loader/BootLoader$PackageHelper
Event: 2417.891 Loading class jdk/internal/loader/BootLoader$PackageHelper done
Event: 2748.567 Loading class java/lang/Throwable$WrappedPrintStream
Event: 2748.569 Loading class java/lang/Throwable$PrintStreamOrWriter
Event: 2748.570 Loading class java/lang/Throwable$PrintStreamOrWriter done
Event: 2748.570 Loading class java/lang/Throwable$WrappedPrintStream done
Event: 3542.739 Loading class sun/reflect/generics/tree/IntSignature
Event: 3542.744 Loading class sun/reflect/generics/tree/IntSignature done
Event: 3546.825 Loading class java/util/function/LongSupplier
Event: 3546.827 Loading class java/util/function/LongSupplier done

Classes unloaded (20 events):
Event: 4558.191 Thread 0x000002a774c3bbd0 Unloading class 0x000002a701d05000 'java/lang/invoke/LambdaForm$MH+0x000002a701d05000'
Event: 4558.191 Thread 0x000002a774c3bbd0 Unloading class 0x000002a701cfc800 'java/lang/invoke/LambdaForm$MH+0x000002a701cfc800'
Event: 4641.764 Thread 0x000002a774c3bbd0 Unloading class 0x000002a701e24348 'org/apache/catalina/loader/JdbcLeakPrevention'
Event: 4641.765 Thread 0x000002a774c3bbd0 Unloading class 0x000002a701e24000 'jdk/proxy33/$Proxy369'
Event: 4885.249 Thread 0x000002a774c3bbd0 Unloading class 0x000002a701e48c00 'org/apache/catalina/loader/JdbcLeakPrevention'
Event: 4885.250 Thread 0x000002a774c3bbd0 Unloading class 0x000002a701a80800 'jdk/proxy35/$Proxy385'
Event: 4885.250 Thread 0x000002a774c3bbd0 Unloading class 0x000002a701d4c400 'java/lang/invoke/LambdaForm$MH+0x000002a701d4c400'
Event: 4885.250 Thread 0x000002a774c3bbd0 Unloading class 0x000002a701d4b800 'java/lang/invoke/LambdaForm$MH+0x000002a701d4b800'
Event: 4885.250 Thread 0x000002a774c3bbd0 Unloading class 0x000002a701d4b400 'java/lang/invoke/LambdaForm$MH+0x000002a701d4b400'
Event: 4885.250 Thread 0x000002a774c3bbd0 Unloading class 0x000002a701d49400 'java/lang/invoke/LambdaForm$MH+0x000002a701d49400'
Event: 4885.250 Thread 0x000002a774c3bbd0 Unloading class 0x000002a701d49000 'java/lang/invoke/LambdaForm$MH+0x000002a701d49000'
Event: 4885.250 Thread 0x000002a774c3bbd0 Unloading class 0x000002a701d48c00 'java/lang/invoke/LambdaForm$MH+0x000002a701d48c00'
Event: 4885.250 Thread 0x000002a774c3bbd0 Unloading class 0x000002a701d48800 'java/lang/invoke/LambdaForm$MH+0x000002a701d48800'
Event: 4885.250 Thread 0x000002a774c3bbd0 Unloading class 0x000002a701d48400 'java/lang/invoke/LambdaForm$MH+0x000002a701d48400'
Event: 4885.250 Thread 0x000002a774c3bbd0 Unloading class 0x000002a701d48000 'java/lang/invoke/LambdaForm$MH+0x000002a701d48000'
Event: 4885.250 Thread 0x000002a774c3bbd0 Unloading class 0x000002a701315000 'java/lang/invoke/LambdaForm$MH+0x000002a701315000'
Event: 4885.250 Thread 0x000002a774c3bbd0 Unloading class 0x000002a701441400 'java/lang/invoke/LambdaForm$MH+0x000002a701441400'
Event: 4885.250 Thread 0x000002a774c3bbd0 Unloading class 0x000002a701149400 'java/lang/invoke/LambdaForm$MH+0x000002a701149400'
Event: 4885.250 Thread 0x000002a774c3bbd0 Unloading class 0x000002a7015e5800 'java/lang/invoke/LambdaForm$MH+0x000002a7015e5800'
Event: 4885.250 Thread 0x000002a774c3bbd0 Unloading class 0x000002a701a4c800 'java/lang/invoke/LambdaForm$MH+0x000002a701a4c800'

Classes redefined (0 events):
No events

Internal exceptions (20 events):
Event: 4642.683 Thread 0x000002a779bc1fa0 Exception <a 'sun/nio/fs/WindowsException'{0x000000008d9456d0}> (0x000000008d9456d0) 
thrown [s\src\hotspot\share\prims\jni.cpp, line 520]
Event: 4646.417 Thread 0x000002a779bc1fa0 Exception <a 'java/lang/NoClassDefFoundError'{0x000000008b417da8}: org/flywaydb/core/Flyway> (0x000000008b417da8) 
thrown [s\src\hotspot\share\oops\constantPool.cpp, line 873]
Event: 4646.417 Thread 0x000002a779bc1fa0 Exception <a 'java/lang/NoClassDefFoundError'{0x000000008b418408}: liquibase/integration/spring/SpringLiquibase> (0x000000008b418408) 
thrown [s\src\hotspot\share\oops\constantPool.cpp, line 873]
Event: 4646.419 Thread 0x000002a779bc1fa0 Exception <a 'java/lang/NoClassDefFoundError'{0x000000008b446318}: org/jooq/DSLContext> (0x000000008b446318) 
thrown [s\src\hotspot\share\oops\constantPool.cpp, line 873]
Event: 4646.423 Thread 0x000002a779bc1fa0 Exception <a 'java/lang/NoClassDefFoundError'{0x000000008b49d210}: org/springframework/batch/core/repository/JobRepository> (0x000000008b49d210) 
thrown [s\src\hotspot\share\oops\constantPool.cpp, line 873]
Event: 4646.423 Thread 0x000002a779bc1fa0 Exception <a 'java/lang/NoClassDefFoundError'{0x000000008b49d868}: org/quartz/Scheduler> (0x000000008b49d868) 
thrown [s\src\hotspot\share\oops\constantPool.cpp, line 873]
Event: 4646.423 Thread 0x000002a779bc1fa0 Exception <a 'java/lang/NoClassDefFoundError'{0x000000008b49dee8}: org/springframework/session/jdbc/JdbcIndexedSessionRepository> (0x000000008b49dee8) 
thrown [s\src\hotspot\share\oops\constantPool.cpp, line 873]
Event: 4646.508 Thread 0x000002a779bc1fa0 Exception <a 'java/io/FileNotFoundException'{0x000000008ad14f30}> (0x000000008ad14f30) 
thrown [s\src\hotspot\share\prims\jni.cpp, line 520]
Event: 4652.947 Thread 0x000002a779bc1fa0 Exception <a 'java/io/FileNotFoundException'{0x0000000088733308}> (0x0000000088733308) 
thrown [s\src\hotspot\share\prims\jni.cpp, line 520]
Event: 4668.584 Thread 0x000002a77d97adc0 Implicit null exception at 0x000002a769c8669b to 0x000002a769c88b7c
Event: 4885.030 Thread 0x000002a77d977940 Exception <a 'java/lang/InterruptedException'{0x000000008b598818}: sleep interrupted> (0x000000008b598818) 
thrown [s\src\hotspot\share\prims\jvm.cpp, line 3074]
Event: 4888.059 Thread 0x000002a77d84c070 Exception <a 'sun/nio/fs/WindowsException'{0x000000008d8300d8}> (0x000000008d8300d8) 
thrown [s\src\hotspot\share\prims\jni.cpp, line 520]
Event: 4891.060 Thread 0x000002a77d84c070 Exception <a 'java/lang/NoClassDefFoundError'{0x000000008b45d220}: org/flywaydb/core/Flyway> (0x000000008b45d220) 
thrown [s\src\hotspot\share\oops\constantPool.cpp, line 873]
Event: 4891.060 Thread 0x000002a77d84c070 Exception <a 'java/lang/NoClassDefFoundError'{0x000000008b45d880}: liquibase/integration/spring/SpringLiquibase> (0x000000008b45d880) 
thrown [s\src\hotspot\share\oops\constantPool.cpp, line 873]
Event: 4891.062 Thread 0x000002a77d84c070 Exception <a 'java/lang/NoClassDefFoundError'{0x000000008b48b580}: org/jooq/DSLContext> (0x000000008b48b580) 
thrown [s\src\hotspot\share\oops\constantPool.cpp, line 873]
Event: 4891.073 Thread 0x000002a77d84c070 Exception <a 'java/lang/NoClassDefFoundError'{0x000000008b4e2468}: org/springframework/batch/core/repository/JobRepository> (0x000000008b4e2468) 
thrown [s\src\hotspot\share\oops\constantPool.cpp, line 873]
Event: 4891.073 Thread 0x000002a77d84c070 Exception <a 'java/lang/NoClassDefFoundError'{0x000000008b4e2ac0}: org/quartz/Scheduler> (0x000000008b4e2ac0) 
thrown [s\src\hotspot\share\oops\constantPool.cpp, line 873]
Event: 4891.073 Thread 0x000002a77d84c070 Exception <a 'java/lang/NoClassDefFoundError'{0x000000008b4e3140}: org/springframework/session/jdbc/JdbcIndexedSessionRepository> (0x000000008b4e3140) 
thrown [s\src\hotspot\share\oops\constantPool.cpp, line 873]
Event: 4891.118 Thread 0x000002a77d84c070 Implicit null exception at 0x000002a769cf5c30 to 0x000002a769cf7cb0
Event: 4891.370 Thread 0x000002a77d84c070 Exception <a 'java/io/FileNotFoundException'{0x000000008ad8ef50}> (0x000000008ad8ef50) 
thrown [s\src\hotspot\share\prims\jni.cpp, line 520]

ZGC Phase Switch (0 events):
No events

VM Operations (20 events):
Event: 4671.615 Executing VM operation: Cleanup
Event: 4671.616 Executing VM operation: Cleanup done
Event: 4674.640 Executing VM operation: Cleanup
Event: 4674.640 Executing VM operation: Cleanup done
Event: 4675.653 Executing VM operation: Cleanup
Event: 4675.653 Executing VM operation: Cleanup done
Event: 4689.786 Executing VM operation: HandshakeAllThreads (HandshakeForDeflation)
Event: 4689.786 Executing VM operation: HandshakeAllThreads (HandshakeForDeflation) done
Event: 4689.787 Executing VM operation: RendezvousGCThreads
Event: 4689.787 Executing VM operation: RendezvousGCThreads done
Event: 4714.180 Executing VM operation: G1CollectForAllocation (G1 Evacuation Pause)
Event: 4714.223 Executing VM operation: G1CollectForAllocation (G1 Evacuation Pause) done
Event: 4831.393 Executing VM operation: G1CollectForAllocation (G1 Evacuation Pause)
Event: 4831.430 Executing VM operation: G1CollectForAllocation (G1 Evacuation Pause) done
Event: 4885.077 Executing VM operation: G1CollectFull (System.gc())
Event: 4886.221 Executing VM operation: G1CollectFull (System.gc()) done
Event: 4889.242 Executing VM operation: Cleanup
Event: 4890.126 Executing VM operation: Cleanup done
Event: 4891.128 Executing VM operation: Cleanup
Event: 4891.144 Executing VM operation: Cleanup done

Memory protections (0 events):
No events

Nmethod flushes (20 events):
Event: 4886.044 Thread 0x000002a774c3bbd0 flushing  nmethod 0x000002a761504910
Event: 4886.044 Thread 0x000002a774c3bbd0 flushing  nmethod 0x000002a761592290
Event: 4886.044 Thread 0x000002a774c3bbd0 flushing  nmethod 0x000002a7617cab90
Event: 4886.044 Thread 0x000002a774c3bbd0 flushing  nmethod 0x000002a76189ef90
Event: 4886.044 Thread 0x000002a774c3bbd0 flushing  nmethod 0x000002a761a03710
Event: 4886.044 Thread 0x000002a774c3bbd0 flushing  nmethod 0x000002a761b2e210
Event: 4886.044 Thread 0x000002a774c3bbd0 flushing  nmethod 0x000002a761bcdb10
Event: 4886.044 Thread 0x000002a774c3bbd0 flushing  nmethod 0x000002a761c0a210
Event: 4886.045 Thread 0x000002a774c3bbd0 flushing  nmethod 0x000002a761c95010
Event: 4886.045 Thread 0x000002a774c3bbd0 flushing  nmethod 0x000002a761cf1b90
Event: 4886.045 Thread 0x000002a774c3bbd0 flushing  nmethod 0x000002a761cf8a90
Event: 4886.045 Thread 0x000002a774c3bbd0 flushing  nmethod 0x000002a761d2ea10
Event: 4886.046 Thread 0x000002a774c3bbd0 flushing  nmethod 0x000002a761dbf390
Event: 4886.046 Thread 0x000002a774c3bbd0 flushing  nmethod 0x000002a761f49510
Event: 4886.046 Thread 0x000002a774c3bbd0 flushing  nmethod 0x000002a761f61b10
Event: 4886.046 Thread 0x000002a774c3bbd0 flushing  nmethod 0x000002a761fb9410
Event: 4886.046 Thread 0x000002a774c3bbd0 flushing  nmethod 0x000002a762092890
Event: 4886.046 Thread 0x000002a774c3bbd0 flushing  nmethod 0x000002a76210c010
Event: 4886.046 Thread 0x000002a774c3bbd0 flushing  nmethod 0x000002a7627af310
Event: 4886.046 Thread 0x000002a774c3bbd0 flushing  nmethod 0x000002a762ff0b10

Events (20 events):
Event: 4884.522 Thread 0x000002a77d97adc0 Thread exited: 0x000002a77d97adc0
Event: 4884.522 Thread 0x000002a77d97d520 Thread exited: 0x000002a77d97d520
Event: 4884.522 Thread 0x000002a77d975f00 Thread exited: 0x000002a77d975f00
Event: 4884.522 Thread 0x000002a77d84c700 Thread exited: 0x000002a77d84c700
Event: 4884.523 Thread 0x000002a77d97c170 Thread exited: 0x000002a77d97c170
Event: 4884.523 Thread 0x000002a77d97a0a0 Thread exited: 0x000002a77d97a0a0
Event: 4884.523 Thread 0x000002a77d97bae0 Thread exited: 0x000002a77d97bae0
Event: 4884.525 Thread 0x000002a77d97ce90 Thread exited: 0x000002a77d97ce90
Event: 4884.701 Thread 0x000002a77d84dab0 Thread added: 0x000002a77d84d420
Event: 4884.722 Thread 0x000002a779bc8f30 Thread exited: 0x000002a779bc8f30
Event: 4884.766 Thread 0x000002a77d84d420 Thread exited: 0x000002a77d84d420
Event: 4885.030 Thread 0x000002a77d977940 Thread exited: 0x000002a77d977940
Event: 4886.243 Thread 0x000002a77d84dab0 Thread added: 0x000002a77d84e7d0
Event: 4886.529 Thread 0x000002a77d84dab0 Thread added: 0x000002a77d84c070
Event: 4886.558 Thread 0x000002a77d84e7d0 Thread exited: 0x000002a77d84e7d0
Event: 4888.437 Thread 0x000002a779bc8210 Thread exited: 0x000002a779bc8210
Event: 4888.710 Thread 0x000002a77d84c070 Thread added: 0x000002a77d84d420
Event: 4888.762 Thread 0x000002a77d84d420 Thread exited: 0x000002a77d84d420
Event: 4890.851 Thread 0x000002a779bc6e60 Thread exited: 0x000002a779bc6e60
Event: 4891.113 Thread 0x000002a774c963d0 Thread added: 0x000002a77c7b18a0


Dynamic libraries:
0x00007ff79af30000 - 0x00007ff79af3e000 	C:\Program Files\Eclipse Adoptium\jdk-21.0.4.7-hotspot\bin\java.exe
0x00007ffae0540000 - 0x00007ffae07a8000 	C:\WINDOWS\SYSTEM32\ntdll.dll
0x00007ffadf430000 - 0x00007ffadf4f9000 	C:\WINDOWS\System32\KERNEL32.DLL
0x00007ffadd9f0000 - 0x00007ffaddddd000 	C:\WINDOWS\System32\KERNELBASE.dll
0x00007ffade190000 - 0x00007ffade2db000 	C:\WINDOWS\System32\ucrtbase.dll
0x00007ffacce20000 - 0x00007ffacce38000 	C:\Program Files\Eclipse Adoptium\jdk-21.0.4.7-hotspot\bin\jli.dll
0x00007ffacce00000 - 0x00007ffacce1b000 	C:\Program Files\Eclipse Adoptium\jdk-21.0.4.7-hotspot\bin\VCRUNTIME140.dll
0x00007ffae00f0000 - 0x00007ffae02bc000 	C:\WINDOWS\System32\USER32.dll
0x00007ffade0a0000 - 0x00007ffade0c7000 	C:\WINDOWS\System32\win32u.dll
0x00007ffadf540000 - 0x00007ffadf56b000 	C:\WINDOWS\System32\GDI32.dll
0x00007ffadd690000 - 0x00007ffadd7c7000 	C:\WINDOWS\System32\gdi32full.dll
0x00007ffaddde0000 - 0x00007ffadde83000 	C:\WINDOWS\System32\msvcp_win.dll
0x00007ffac92f0000 - 0x00007ffac958a000 	C:\WINDOWS\WinSxS\amd64_microsoft.windows.common-controls_6595b64144ccf1df_6.0.26100.4484_none_3e0e6d4ce32ef3b3\COMCTL32.dll
0x00007ffadf370000 - 0x00007ffadf419000 	C:\WINDOWS\System32\msvcrt.dll
0x00007ffadf9b0000 - 0x00007ffadf9df000 	C:\WINDOWS\System32\IMM32.DLL
0x00007ffad80a0000 - 0x00007ffad80ac000 	C:\Program Files\Eclipse Adoptium\jdk-21.0.4.7-hotspot\bin\vcruntime140_1.dll
0x00007ffaac280000 - 0x00007ffaac30e000 	C:\Program Files\Eclipse Adoptium\jdk-21.0.4.7-hotspot\bin\msvcp140.dll
0x00007ffa7af30000 - 0x00007ffa7bcb8000 	C:\Program Files\Eclipse Adoptium\jdk-21.0.4.7-hotspot\bin\server\jvm.dll
0x00007ffae02c0000 - 0x00007ffae0374000 	C:\WINDOWS\System32\ADVAPI32.dll
0x00007ffade780000 - 0x00007ffade826000 	C:\WINDOWS\System32\sechost.dll
0x00007ffade660000 - 0x00007ffade778000 	C:\WINDOWS\System32\RPCRT4.dll
0x00007ffade4e0000 - 0x00007ffade554000 	C:\WINDOWS\System32\WS2_32.dll
0x00007ffadd4e0000 - 0x00007ffadd53e000 	C:\WINDOWS\SYSTEM32\POWRPROF.dll
0x00007ffad5330000 - 0x00007ffad5365000 	C:\WINDOWS\SYSTEM32\WINMM.dll
0x00007ffacf110000 - 0x00007ffacf11b000 	C:\WINDOWS\SYSTEM32\VERSION.dll
0x00007ffadd4c0000 - 0x00007ffadd4d4000 	C:\WINDOWS\SYSTEM32\UMPDC.dll
0x00007ffadc430000 - 0x00007ffadc44b000 	C:\WINDOWS\SYSTEM32\kernel.appcore.dll
0x00007ffaceaf0000 - 0x00007ffaceafa000 	C:\Program Files\Eclipse Adoptium\jdk-21.0.4.7-hotspot\bin\jimage.dll
0x00007ffadaa50000 - 0x00007ffadac91000 	C:\WINDOWS\SYSTEM32\DBGHELP.DLL
0x00007ffadf620000 - 0x00007ffadf9a6000 	C:\WINDOWS\System32\combase.dll
0x00007ffae0380000 - 0x00007ffae0460000 	C:\WINDOWS\System32\OLEAUT32.dll
0x00007ffac1a80000 - 0x00007ffac1ac3000 	C:\WINDOWS\SYSTEM32\dbgcore.DLL
0x00007ffadd950000 - 0x00007ffadd9e9000 	C:\WINDOWS\System32\bcryptPrimitives.dll
0x00007ffaccdf0000 - 0x00007ffaccdff000 	C:\Program Files\Eclipse Adoptium\jdk-21.0.4.7-hotspot\bin\instrument.dll
0x00007ffaccdd0000 - 0x00007ffaccdef000 	C:\Program Files\Eclipse Adoptium\jdk-21.0.4.7-hotspot\bin\java.dll
0x00007ffadeb40000 - 0x00007ffadf28a000 	C:\WINDOWS\System32\SHELL32.dll
0x00007ffadd7d0000 - 0x00007ffadd944000 	C:\WINDOWS\System32\wintypes.dll
0x00007ffadb2a0000 - 0x00007ffadbafb000 	C:\WINDOWS\SYSTEM32\windows.storage.dll
0x00007ffade830000 - 0x00007ffade925000 	C:\WINDOWS\System32\SHCORE.dll
0x00007ffae0490000 - 0x00007ffae04fa000 	C:\WINDOWS\System32\shlwapi.dll
0x00007ffadd5a0000 - 0x00007ffadd5cf000 	C:\WINDOWS\SYSTEM32\profapi.dll
0x00007ffa8bf50000 - 0x00007ffa8c027000 	C:\Program Files\Eclipse Adoptium\jdk-21.0.4.7-hotspot\bin\jsvml.dll
0x00007ffaccdb0000 - 0x00007ffaccdc8000 	C:\Program Files\Eclipse Adoptium\jdk-21.0.4.7-hotspot\bin\zip.dll
0x00007ffaccda0000 - 0x00007ffaccdb0000 	C:\Program Files\Eclipse Adoptium\jdk-21.0.4.7-hotspot\bin\net.dll
0x00007ffad0ae0000 - 0x00007ffad0bfe000 	C:\WINDOWS\SYSTEM32\WINHTTP.dll
0x00007ffadc9c0000 - 0x00007ffadca2a000 	C:\WINDOWS\system32\mswsock.dll
0x00007ffacb700000 - 0x00007ffacb716000 	C:\Program Files\Eclipse Adoptium\jdk-21.0.4.7-hotspot\bin\nio.dll
0x00007ffac72b0000 - 0x00007ffac72b9000 	C:\Program Files\Eclipse Adoptium\jdk-21.0.4.7-hotspot\bin\extnet.dll
0x00007ffac6fc0000 - 0x00007ffac6fca000 	C:\Program Files\Eclipse Adoptium\jdk-21.0.4.7-hotspot\bin\management.dll
0x00007ffac5d90000 - 0x00007ffac5d9b000 	C:\Program Files\Eclipse Adoptium\jdk-21.0.4.7-hotspot\bin\management_ext.dll
0x00007ffae0060000 - 0x00007ffae0068000 	C:\WINDOWS\System32\PSAPI.DLL
0x00007ffac0ff0000 - 0x00007ffac0ffe000 	C:\Program Files\Eclipse Adoptium\jdk-21.0.4.7-hotspot\bin\sunmscapi.dll
0x00007ffadde90000 - 0x00007ffade007000 	C:\WINDOWS\System32\CRYPT32.dll
0x00007ffadce90000 - 0x00007ffadcec0000 	C:\WINDOWS\SYSTEM32\ncrypt.dll
0x00007ffadce40000 - 0x00007ffadce7f000 	C:\WINDOWS\SYSTEM32\NTASN1.dll
0x00007ffadcc70000 - 0x00007ffadcc8b000 	C:\WINDOWS\SYSTEM32\CRYPTSP.dll
0x00007ffadc390000 - 0x00007ffadc3cb000 	C:\WINDOWS\system32\rsaenh.dll
0x00007ffadca60000 - 0x00007ffadca8b000 	C:\WINDOWS\SYSTEM32\USERENV.dll
0x00007ffadd570000 - 0x00007ffadd596000 	C:\WINDOWS\SYSTEM32\bcrypt.dll
0x00007ffadcc90000 - 0x00007ffadcc9c000 	C:\WINDOWS\SYSTEM32\CRYPTBASE.dll
0x00007ffadbed0000 - 0x00007ffadbf03000 	C:\WINDOWS\SYSTEM32\IPHLPAPI.DLL
0x00007ffadf420000 - 0x00007ffadf42a000 	C:\WINDOWS\System32\NSI.dll
0x00007ffac13b0000 - 0x00007ffac13c0000 	C:\Program Files\Eclipse Adoptium\jdk-21.0.4.7-hotspot\bin\verify.dll
0x00007ffadbf10000 - 0x00007ffadc036000 	C:\WINDOWS\SYSTEM32\DNSAPI.dll
0x00007ffacee70000 - 0x00007ffacee7b000 	C:\Windows\System32\rasadhlp.dll
0x00007ffad7980000 - 0x00007ffad7a06000 	C:\WINDOWS\System32\fwpuclnt.dll
0x00007ffa706a0000 - 0x00007ffa706a8000 	C:\WINDOWS\system32\wshunix.dll

dbghelp: loaded successfully - version: 4.0.5 - missing functions: none
symbol engine: initialized successfully - sym options: 0x614 - pdb path: .;C:\Program Files\Eclipse Adoptium\jdk-21.0.4.7-hotspot\bin;C:\WINDOWS\SYSTEM32;C:\WINDOWS\WinSxS\amd64_microsoft.windows.common-controls_6595b64144ccf1df_6.0.26100.4484_none_3e0e6d4ce32ef3b3;C:\Program Files\Eclipse Adoptium\jdk-21.0.4.7-hotspot\bin\server

VM Arguments:
jvm_args: -javaagent:C:\Program Files\JetBrains\IntelliJ IDEA Community Edition 2024.2.3\lib\idea_rt.jar=59489 -Dfile.encoding=UTF-8 -Dsun.stdout.encoding=UTF-8 -Dsun.stderr.encoding=UTF-8 
java_command: personal.project.teamwork_management.TeamworkManagementApplication
java_class_path (initial): D:\Workspace\Java\Spring boot\TEAManage\teamwork_management\target\classes;C:\Users\D E L L\.m2\repository\org\springframework\boot\spring-boot-starter-data-jpa\3.5.3\spring-boot-starter-data-jpa-3.5.3.jar;C:\Users\D E L L\.m2\repository\org\springframework\boot\spring-boot-starter\3.5.3\spring-boot-starter-3.5.3.jar;C:\Users\D E L L\.m2\repository\org\springframework\boot\spring-boot-starter-logging\3.5.3\spring-boot-starter-logging-3.5.3.jar;C:\Users\D E L L\.m2\repository\ch\qos\logback\logback-classic\1.5.18\logback-classic-1.5.18.jar;C:\Users\D E L L\.m2\repository\ch\qos\logback\logback-core\1.5.18\logback-core-1.5.18.jar;C:\Users\D E L L\.m2\repository\org\apache\logging\log4j\log4j-to-slf4j\2.24.3\log4j-to-slf4j-2.24.3.jar;C:\Users\D E L L\.m2\repository\org\apache\logging\log4j\log4j-api\2.24.3\log4j-api-2.24.3.jar;C:\Users\D E L L\.m2\repository\org\slf4j\jul-to-slf4j\2.0.17\jul-to-slf4j-2.0.17.jar;C:\Users\D E L L\.m2\repository\jakarta\annotation\jakarta.annotation-api\2.1.1\jakarta.annotation-api-2.1.1.jar;C:\Users\D E L L\.m2\repository\org\yaml\snakeyaml\2.4\snakeyaml-2.4.jar;C:\Users\D E L L\.m2\repository\org\springframework\boot\spring-boot-starter-jdbc\3.5.3\spring-boot-starter-jdbc-3.5.3.jar;C:\Users\D E L L\.m2\repository\com\zaxxer\HikariCP\6.3.0\HikariCP-6.3.0.jar;C:\Users\D E L L\.m2\repository\org\springframework\spring-jdbc\6.2.8\spring-jdbc-6.2.8.jar;C:\Users\D E L L\.m2\repository\org\hibernate\orm\hibernate-core\6.6.18.Final\hibernate-core-6.6.18.Final.jar;C:\Users\D E L L\.m2\repository\jakarta\persistence\jakarta.persistence-api\3.1.0\jakarta.persistence-api-3.1.0.jar;C:\Users\D E L L\.m2\repository\jakarta\transaction\jakarta.transaction-api\2.0.1\jakarta.transaction-api-2.0.1.jar;C:\Users\D E L L\.m2\repository\org\jboss\logging\jboss-logging\3.6.1.Final\jboss-logging-3.6.1.Final.jar;C:\Users\D E L L\.m2\repository\org\hibernate\common\hibernate-commons-annotations\7.0.3.Final\hibernate-commons-annotations-7.0.3.Final.jar;C:\Users\D E L L\.m2\repository\io\smallrye\jandex\3.2.0\jandex-3.2.0.jar;C:\Users\D E L L\.m2\repository\com\fasterxml\classmate\1.7.0\classmate-1.7.0.jar;C:\Users\D E L L\.m2\repository\net\bytebuddy\byte-buddy\1.17.6\byte-buddy-1.17.6.jar;C:\Users\D E L L\.m2\repository\org\glassfish\jaxb\jaxb-runtime\4.0.5\jaxb-runtime-4.0.5.jar;C:\Users\D E L L\.m2\repository\org\glassfish\jaxb\jaxb-core\4.0.5\jaxb-core-4.0.5.jar;C:\Users\D E L L\.m2\repository\org\eclipse\angus\angus-activation\2.0.2\angus-activation-2.0.2.jar;C:\Users\D E L L\.m2\repository\org\glassfish\jaxb\txw2\4.0.5\txw2-4.0.5.jar;C:\Users\D E L L\.m2\repository\com\sun\istack\istack-commons-runtime\4.1.2\istack-commons-runtime-4.1.2.jar;C:\Users\D E L L\.m2\repository\jakarta\inject\jakarta.inject-api\2.0.1\jakarta.inject-api-2.0.1.jar;C:\Users\D E L L\.m2\repository\org\antlr\antlr4-runtime\4.13.0\antlr4-runtime-4.13.0.jar;C:\Users\D E L L\.m2\repository\org\springframework\data\spring-data-jpa\3.5.1\spring-data-jpa-3.5.1.jar;C:\Users\D E L L\.m2\repository\org\springframework\data\spring-data-commons\3.5.1\spring-data-commons-3.5.1.jar;C:\Users\D E L L\.m2\repository\org\springframework\spring-orm\6.2.8\spring-orm-6.2.8.jar;C:\Users\D E L L\.m2\repository\org\springframework\spring-context\6.2.8\spring-context-6.2.8.jar;C:\Users\D E L L\.m2\repository\org\springframework\spring-tx\6.2.8\spring-tx-6.2.8.jar;C:\Users\D E L L\.m2\repository\org\springframework\spring-beans\6.2.8\spring-beans-6.2.8.jar;C:\Users\D E L L\.m2\repository\org\slf4j\slf4j-api\2.0.17\slf4j-api-2.0.17.jar;C:\Users\D E L L\.m2\repository\org\springframework\spring-aspects\6.2.8\spring-aspects-6.2.8.jar;C:\Users\D E L L\.m2\repository\org\aspectj\aspectjweaver\1.9.24\aspectjweaver-1.9.24.jar;C:\Users\D E L L\.m2\repository\org\springframework\boot\spring-boot-starter-security\3.5.3\spring-boot-starter-security-3.5.3.jar;C:\Users\D E L L\.m2\repository\org\springframework\spring-aop\6.2.8\spring-aop-6.2.8.jar;C:\Users\D E L L\.m2\repository\org\springframework\security\spring-security-config\6.5.1\spring-security-config-6.5.1.jar;C:\Users\D E L L\.m2\repository\org\springframework\security\spring-security-web\6.5.1\spring-security-web-6.5.1.jar;C:\Users\D E L L\.m2\repository\org\springframework\spring-expression\6.2.8\spring-expression-6.2.8.jar;C:\Users\D E L L\.m2\repository\org\springframework\boot\spring-boot-starter-web\3.5.3\spring-boot-starter-web-3.5.3.jar;C:\Users\D E L L\.m2\repository\org\springframework\boot\spring-boot-starter-json\3.5.3\spring-boot-starter-json-3.5.3.jar;C:\Users\D E L L\.m2\repository\com\fasterxml\jackson\datatype\jackson-datatype-jdk8\2.19.1\jackson-datatype-jdk8-2.19.1.jar;C:\Users\D E L L\.m2\repository\com\fasterxml\jackson\datatype\jackson-datatype-jsr310\2.19.1\jackson-datatype-jsr310-2.19.1.jar;C:\Users\D E L L\.m2\repository\com\fasterxml\jackson\module\jackson-module-parameter-names\2.19.1\jackson-module-parameter-names-2.19.1.jar;C:\Users\D E L L\.m2\repository\org\springframework\boot\spring-boot-starter-tomcat\3.5.3\spring-boot-starter-tomcat-3.5.3.jar;C:\Users\D E L L\.m2\repository\org\apache\tomcat\embed\tomcat-embed-core\10.1.42\tomcat-embed-core-10.1.42.jar;C:\Users\D E L L\.m2\repository\org\apache\tomcat\embed\tomcat-embed-el\10.1.42\tomcat-embed-el-10.1.42.jar;C:\Users\D E L L\.m2\repository\org\apache\tomcat\embed\tomcat-embed-websocket\10.1.42\tomcat-embed-websocket-10.1.42.jar;C:\Users\D E L L\.m2\repository\org\springframework\spring-web\6.2.8\spring-web-6.2.8.jar;C:\Users\D E L L\.m2\repository\io\micrometer\micrometer-observation\1.15.1\micrometer-observation-1.15.1.jar;C:\Users\D E L L\.m2\repository\io\micrometer\micrometer-commons\1.15.1\micrometer-commons-1.15.1.jar;C:\Users\D E L L\.m2\repository\org\springframework\spring-webmvc\6.2.8\spring-webmvc-6.2.8.jar;C:\Users\D E L L\.m2\repository\org\springframework\boot\spring-boot-devtools\3.5.3\spring-boot-devtools-3.5.3.jar;C:\Users\D E L L\.m2\repository\org\springframework\boot\spring-boot\3.5.3\spring-boot-3.5.3.jar;C:\Users\D E L L\.m2\repository\org\springframework\boot\spring-boot-autoconfigure\3.5.3\spring-boot-autoconfigure-3.5.3.jar;C:\Users\D E L L\.m2\repository\com\mysql\mysql-connector-j\9.2.0\mysql-connector-j-9.2.0.jar;C:\Users\D E L L\.m2\repository\org\projectlombok\lombok\1.18.38\lombok-1.18.38.jar;C:\Users\D E L L\.m2\repository\jakarta\xml\bind\jakarta.xml.bind-api\4.0.2\jakarta.xml.bind-api-4.0.2.jar;C:\Users\D E L L\.m2\repository\jakarta\activation\jakarta.activation-api\2.1.3\jakarta.activation-api-2.1.3.jar;C:\Users\D E L L\.m2\repository\net\minidev\json-smart\2.5.2\json-smart-2.5.2.jar;C:\Users\D E L L\.m2\repository\net\minidev\accessors-smart\2.5.2\accessors-smart-2.5.2.jar;C:\Users\D E L L\.m2\repository\org\ow2\asm\asm\9.7.1\asm-9.7.1.jar;C:\Users\D E L L\.m2\repository\org\springframework\spring-core\6.2.8\spring-core-6.2.8.jar;C:\Users\D E L L\.m2\repository\org\springframework\spring-jcl\6.2.8\spring-jcl-6.2.8.jar;C:\Users\D E L L\.m2\repository\org\springframework\security\spring-security-core\6.5.1\spring-security-core-6.5.1.jar;C:\Users\D E L L\.m2\repository\org\springframework\security\spring-security-crypto\6.5.1\spring-security-crypto-6.5.1.jar;C:\Users\D E L L\.m2\repository\org\springframework\boot\spring-boot-starter-oauth2-client\3.5.3\spring-boot-starter-oauth2-client-3.5.3.jar;C:\Users\D E L L\.m2\repository\org\springframework\security\spring-security-oauth2-client\6.5.1\spring-security-oauth2-client-6.5.1.jar;C:\Users\D E L L\.m2\repository\org\springframework\security\spring-security-oauth2-core\6.5.1\spring-security-oauth2-core-6.5.1.jar;C:\Users\D E L L\.m2\repository\com\nimbusds\oauth2-oidc-sdk\9.43.6\oauth2-oidc-sdk-9.43.6.jar;C:\Users\D E L L\.m2\repository\com\github\stephenc\jcip\jcip-annotations\1.0-1\jcip-annotations-1.0-1.jar;C:\Users\D E L L\.m2\repository\com\nimbusds\content-type\2.2\content-type-2.2.jar;C:\Users\D E L L\.m2\repository\com\nimbusds\lang-tag\1.7\lang-tag-1.7.jar;C:\Users\D E L L\.m2\repository\org\springframework\security\spring-security-oauth2-jose\6.5.1\spring-security-oauth2-jose-6.5.1.jar;C:\Users\D E L L\.m2\repository\com\nimbusds\nimbus-jose-jwt\9.37.3\nimbus-jose-jwt-9.37.3.jar;C:\Users\D E L L\.m2\repository\io\github\cdimascio\dotenv-java\3.0.0\dotenv-java-3.0.0.jar;C:\Users\D E L L\.m2\repository\io\jsonwebtoken\jjwt-api\0.11.5\jjwt-api-0.11.5.jar;C:\Users\D E L L\.m2\repository\io\jsonwebtoken\jjwt-impl\0.11.5\jjwt-impl-0.11.5.jar;C:\Users\D E L L\.m2\repository\io\jsonwebtoken\jjwt-jackson\0.11.5\jjwt-jackson-0.11.5.jar;C:\Users\D E L L\.m2\repository\com\fasterxml\jackson\core\jackson-databind\2.19.1\jackson-databind-2.19.1.jar;C:\Users\D E L L\.m2\repository\com\fasterxml\jackson\core\jackson-annotations\2.19.1\jackson-annotations-2.19.1.jar;C:\Users\D E L L\.m2\repository\com\fasterxml\jackson\core\jackson-core\2.19.1\jackson-core-2.19.1.jar;C:\Users\D E L L\.m2\repository\com\google\api-client\google-api-client\2.2.0\google-api-client-2.2.0.jar;C:\Users\D E L L\.m2\repository\commons-codec\commons-codec\1.18.0\commons-codec-1.18.0.jar;C:\Users\D E L L\.m2\repository\com\google\oauth-client\google-oauth-client\1.34.1\google-oauth-client-1.34.1.jar;C:\Users\D E L L\.m2\repository\com\google\http-client\google-http-client-gson\1.42.3\google-http-client-gson-1.42.3.jar;C:\Users\D E L L\.m2\repository\com\google\code\gson\gson\2.13.1\gson-2.13.1.jar;C:\Users\D E L L\.m2\repository\com\google\guava\guava\31.1-jre\guava-31.1-jre.jar;C:\Users\D E L L\.m2\repository\com\google\guava\failureaccess\1.0.1\failureaccess-1.0.1.jar;C:\Users\D E L L\.m2\repository\com\google\guava\listenablefuture\9999.0-empty-to-avoid-conflict-with-guava\listenablefuture-9999.0-empty-to-avoid-conflict-with-guava.jar;C:\Users\D E L L\.m2\repository\com\google\code\findbugs\jsr305\3.0.2\jsr305-3.0.2.jar;C:\Users\D E L L\.m2\repository\org\checkerframework\checker-qual\3.12.0\checker-qual-3.12.0.jar;C:\Users\D E L L\.m2\repository\com\google\errorprone\error_prone_annotations\2.11.0\error_prone_annotations-2.11.0.jar;C:\Users\D E L L\.m2\repository\com\google\j2objc\j2objc-annotations\1.3\j2objc-annotations-1.3.jar;C:\Users\D E L L\.m2\repository\com\google\http-client\google-http-client-apache-v2\1.42.3\google-http-client-apache-v2-1.42.3.jar;C:\Users\D E L L\.m2\repository\org\apache\httpcomponents\httpcore\4.4.16\httpcore-4.4.16.jar;C:\Users\D E L L\.m2\repository\org\apache\httpcomponents\httpclient\4.5.14\httpclient-4.5.14.jar;C:\Users\D E L L\.m2\repository\commons-logging\commons-logging\1.2\commons-logging-1.2.jar;C:\Users\D E L L\.m2\repository\com\google\http-client\google-http-client\1.42.3\google-http-client-1.42.3.jar;C:\Users\D E L L\.m2\repository\io\opencensus\opencensus-api\0.31.1\opencensus-api-0.31.1.jar;C:\Users\D E L L\.m2\repository\io\grpc\grpc-context\1.27.2\grpc-context-1.27.2.jar;C:\Users\D E L L\.m2\repository\io\opencensus\opencensus-contrib-http-util\0.31.1\opencensus-contrib-http-util-0.31.1.jar;C:\Users\D E L L\.m2\repository\org\springframework\boot\spring-boot-starter-websocket\3.5.3\spring-boot-starter-websocket-3.5.3.jar;C:\Users\D E L L\.m2\repository\org\springframework\spring-messaging\6.2.8\spring-messaging-6.2.8.jar;C:\Users\D E L L\.m2\repository\org\springframework\spring-websocket\6.2.8\spring-websocket-6.2.8.jar
Launcher Type: SUN_STANDARD

[Global flags]
     intx CICompilerCount                          = 3                                         {product} {ergonomic}
     uint ConcGCThreads                            = 1                                         {product} {ergonomic}
     uint G1ConcRefinementThreads                  = 4                                         {product} {ergonomic}
   size_t G1HeapRegionSize                         = 1048576                                   {product} {ergonomic}
    uintx GCDrainStackTargetSize                   = 64                                        {product} {ergonomic}
   size_t InitialHeapSize                          = 130023424                                 {product} {ergonomic}
   size_t MarkStackSize                            = 4194304                                   {product} {ergonomic}
   size_t MaxHeapSize                              = 2078277632                                {product} {ergonomic}
   size_t MaxNewSize                               = 1246756864                                {product} {ergonomic}
   size_t MinHeapDeltaBytes                        = 1048576                                   {product} {ergonomic}
   size_t MinHeapSize                              = 8388608                                   {product} {ergonomic}
    uintx NonNMethodCodeHeapSize                   = 5832780                                {pd product} {ergonomic}
    uintx NonProfiledCodeHeapSize                  = 122912730                              {pd product} {ergonomic}
    uintx ProfiledCodeHeapSize                     = 122912730                              {pd product} {ergonomic}
    uintx ReservedCodeCacheSize                    = 251658240                              {pd product} {ergonomic}
     bool SegmentedCodeCache                       = true                                      {product} {ergonomic}
   size_t SoftMaxHeapSize                          = 2078277632                             {manageable} {ergonomic}
     bool UseCompressedOops                        = true                           {product lp64_product} {ergonomic}
     bool UseG1GC                                  = true                                      {product} {ergonomic}
     bool UseLargePagesIndividualAllocation        = false                                  {pd product} {ergonomic}

Logging:
Log output configuration:
 #0: stdout all=warning uptime,level,tags foldmultilines=false
 #1: stderr all=off uptime,level,tags foldmultilines=false

Environment Variables:
JAVA_HOME=C:\Program Files\Eclipse Adoptium\jdk-21.0.4.7-hotspot
PATH=C:\ProgramData\Oracle\Java\javapath;C:\Program Files\Eclipse Adoptium\jdk-21.0.4.7-hotspot\bin;C:\WINDOWS\system32;C:\WINDOWS;C:\WINDOWS\System32\Wbem;C:\WINDOWS\System32\WindowsPowerShell\v1.0\;C:\WINDOWS\System32\OpenSSH\;C:\Program Files\Git\cmd;C:\Program Files\Eclipse Adoptium\jdk-21.0.4.7-hotspot\bin;C:\Program Files\Java\jdk1.8.0_45\bin;C:\Program Files\Docker\Docker\resources\bin;C:\Program Files\nodejs\;C:\dev\apache-maven-3.9.9\bin;C:\Users\D E L L\AppData\Local\Programs\Python\Python312\Scripts\;C:\Users\D E L L\AppData\Local\Programs\Python\Python312\;C:\Users\D E L L\AppData\Local\Programs\Python\Launcher\;C:\Users\D E L L\AppData\Local\Microsoft\WindowsApps;C:\Users\D E L L\AppData\Local\Programs\Microsoft VS Code\bin;C:\Program Files\JetBrains\IntelliJ IDEA Community Edition 2024.2.3\bin;;C:\Program Files\Eclipse Adoptium\jdk-21.0.4.7-hotspot\bin;C:\Users\D E L L\AppData\Local\Flutter\flutter\bin;C:\Users\D E L L\AppData\Roaming\npm;C:\Program Files\nodejs;C:\maven-mvnd-1.0.2-windows-amd64\bin;
USERNAME=D E L L
OS=Windows_NT
PROCESSOR_IDENTIFIER=Intel64 Family 6 Model 140 Stepping 1, GenuineIntel
TMP=C:\Users\DELL~1\AppData\Local\Temp
TEMP=C:\Users\DELL~1\AppData\Local\Temp




Periodic native trim disabled

---------------  S Y S T E M  ---------------

OS:
 Windows 11 , 64 bit Build 26100 (10.0.26100.4484)
OS uptime: 0 days 14:28 hours
Hyper-V role detected

CPU: total 4 (initial active 4) (2 cores per cpu, 2 threads per core) family 6 model 140 stepping 1 microcode 0xbc, cx8, cmov, fxsr, ht, mmx, 3dnowpref, sse, sse2, sse3, ssse3, sse4.1, sse4.2, popcnt, lzcnt, tsc, tscinvbit, avx, avx2, aes, erms, clmul, bmi1, bmi2, adx, avx512f, avx512dq, avx512cd, avx512bw, avx512vl, sha, fma, vzeroupper, avx512_vpopcntdq, avx512_vpclmulqdq, avx512_vaes, avx512_vnni, clflush, clflushopt, clwb, avx512_vbmi2, avx512_vbmi, hv, rdtscp, rdpid, fsrm, gfni, avx512_bitalg, f16c, cet_ibt, cet_ss, avx512_ifma
Processor Information for all 4 processors :
  Max Mhz: 2995, Current Mhz: 2995, Mhz Limit: 2995

Memory: 4k page, system-wide physical 7926M (353M free)
TotalPageFile size 24888M (AvailPageFile size 1M)
current process WorkingSet (physical memory assigned to process): 357M, peak: 544M
current process commit charge ("private bytes"): 488M, peak: 619M

vm_info: OpenJDK 64-Bit Server VM (21.0.4+7-LTS) for windows-amd64 JRE (21.0.4+7-LTS), built on 2024-07-16T00:00:00Z by "admin" with MS VC++ 17.7 (VS2022)

END.
